<?xml version="1.0" encoding="utf-8"?><testsuites name="pytest tests"><testsuite name="pytest" errors="0" failures="0" skipped="0" tests="5" time="4.515" timestamp="2026-09-18T02:21:23.789988+00:00" hostname="agent-env-8e203573-2d9c-4bdf-8351-262143b3f4f9"><testcase classname="backend.tests.test_ai_chat_vip_fix" name="test_health" time="0.180" /><testcase classname="backend.tests.test_ai_chat_vip_fix" name="test_login_returns_access_token" time="0.402" /><testcase classname="backend.tests.test_ai_chat_vip_fix" name="test_atlas_chat_with_auth" time="2.355" /><testcase classname="backend.tests.test_ai_chat_vip_fix" name="test_vip_checkout_creates_stripe_session" time="1.233" /><testcase classname="backend.tests.test_ai_chat_vip_fix" name="test_vip_checkout_status" time="0.289" /></testsuite></testsuites>