<?xml version="1.0" encoding="utf-8"?><testsuites name="pytest tests"><testsuite name="pytest" errors="0" failures="0" skipped="0" tests="10" time="5.124" timestamp="2026-09-11T23:11:28.486278+00:00" hostname="agent-env-8e203573-2d9c-4bdf-8351-262143b3f4f9"><testcase classname="backend.tests.test_atlas_conv_rename_delete" name="test_list_conversations" time="0.733" /><testcase classname="backend.tests.test_atlas_conv_rename_delete" name="test_rename_conversation_success" time="0.531" /><testcase classname="backend.tests.test_atlas_conv_rename_delete" name="test_rename_empty_title_returns_400" time="0.137" /><testcase classname="backend.tests.test_atlas_conv_rename_delete" name="test_rename_missing_title_field" time="0.128" /><testcase classname="backend.tests.test_atlas_conv_rename_delete" name="test_rename_nonexistent_conversation_returns_404" time="0.172" /><testcase classname="backend.tests.test_atlas_conv_rename_delete" name="test_rename_too_long_title_returns_400" time="0.156" /><testcase classname="backend.tests.test_atlas_conv_rename_delete" name="test_rename_unauthenticated_returns_401" time="0.115" /><testcase classname="backend.tests.test_atlas_conv_rename_delete" name="test_delete_conversation_success_and_persistence" time="2.218" /><testcase classname="backend.tests.test_atlas_conv_rename_delete" name="test_delete_nonexistent_returns_404" time="0.162" /><testcase classname="backend.tests.test_atlas_conv_rename_delete" name="test_delete_unauthenticated_returns_401" time="0.711" /></testsuite></testsuites>