<?xml version="1.0" encoding="utf-8"?><testsuites name="pytest tests"><testsuite name="pytest" errors="0" failures="0" skipped="0" tests="6" time="3.342" timestamp="2026-09-24T11:54:16.121056+00:00" hostname="agent-env-8e203573-2d9c-4bdf-8351-262143b3f4f9"><testcase classname="backend.tests.test_certificates_streak" name="test_hub_returns_celebrations_field" time="1.388" /><testcase classname="backend.tests.test_certificates_streak" name="test_hub_celebrations_shape" time="0.706" /><testcase classname="backend.tests.test_certificates_streak" name="test_hub_has_required_fields" time="0.753" /><testcase classname="backend.tests.test_certificates_streak" name="test_cron_streak_reminders_requires_secret" time="0.146" /><testcase classname="backend.tests.test_certificates_streak" name="test_cron_streak_reminders_wrong_secret" time="0.125" /><testcase classname="backend.tests.test_certificates_streak" name="test_cron_streak_reminders_with_secret" time="0.173" /></testsuite></testsuites>