<?xml version="1.0" encoding="utf-8"?><testsuites name="pytest tests"><testsuite name="pytest" errors="0" failures="0" skipped="0" tests="3" time="1.798" timestamp="2026-09-11T22:56:32.489262+00:00" hostname="agent-env-8e203573-2d9c-4bdf-8351-262143b3f4f9"><testcase classname="backend.tests.test_early_access" name="test_vip_permissions_early_access_true" time="0.975" /><testcase classname="backend.tests.test_early_access" name="test_vip_permissions_requires_auth" time="0.174" /><testcase classname="backend.tests.test_early_access" name="test_free_user_early_access_false" time="0.598" /></testsuite></testsuites>