<?xml version="1.0" encoding="utf-8"?><testsuites name="pytest tests"><testsuite name="pytest" errors="0" failures="0" skipped="0" tests="16" time="6.778" timestamp="2026-09-11T22:45:25.222214+00:00" hostname="agent-env-8e203573-2d9c-4bdf-8351-262143b3f4f9"><testcase classname="backend.tests.test_user_intelligence.TestUserIntelligence" name="test_get_intelligence_all" time="1.178" /><testcase classname="backend.tests.test_user_intelligence.TestUserIntelligence" name="test_intelligence_period[7]" time="0.565" /><testcase classname="backend.tests.test_user_intelligence.TestUserIntelligence" name="test_intelligence_period[30]" time="0.608" /><testcase classname="backend.tests.test_user_intelligence.TestUserIntelligence" name="test_intelligence_period[90]" time="0.597" /><testcase classname="backend.tests.test_user_intelligence.TestUserIntelligence" name="test_intelligence_period[all]" time="0.555" /><testcase classname="backend.tests.test_user_intelligence.TestUserIntelligence" name="test_intelligence_user_not_found" time="0.237" /><testcase classname="backend.tests.test_user_intelligence.TestUserIntelligence" name="test_intelligence_no_auth" time="0.144" /><testcase classname="backend.tests.test_user_intelligence.TestPDFExport" name="test_pdf_download" time="0.624" /><testcase classname="backend.tests.test_user_intelligence.TestPDFExport" name="test_pdf_no_auth" time="0.142" /><testcase classname="backend.tests.test_user_intelligence.TestFullExport" name="test_full_export" time="0.655" /><testcase classname="backend.tests.test_user_intelligence.TestFullExport" name="test_full_export_no_auth" time="0.159" /><testcase classname="backend.tests.test_user_intelligence.TestSessionTracking" name="test_session_start_and_end" time="0.389" /><testcase classname="backend.tests.test_user_intelligence.TestEventTracking" name="test_track_event" time="0.168" /><testcase classname="backend.tests.test_user_intelligence.TestEventTracking" name="test_track_event_no_auth" time="0.175" /><testcase classname="backend.tests.test_user_intelligence.TestGlobalIntelligence" name="test_global" time="0.374" /><testcase classname="backend.tests.test_user_intelligence.TestGlobalIntelligence" name="test_global_no_auth" time="0.138" /></testsuite></testsuites>