<?xml version="1.0" encoding="utf-8"?><testsuites name="pytest tests"><testsuite name="pytest" errors="0" failures="0" skipped="0" tests="6" time="14.086" timestamp="2026-09-11T14:22:39.580969+00:00" hostname="agent-env-8e203573-2d9c-4bdf-8351-262143b3f4f9"><testcase classname="backend.tests.test_vip_iter86" name="test_me_is_vip" time="0.784" /><testcase classname="backend.tests.test_vip_iter86" name="test_vip_daily_briefing_fr" time="9.218" /><testcase classname="backend.tests.test_vip_iter86" name="test_vip_ai_analyze" time="2.518" /><testcase classname="backend.tests.test_vip_iter86" name="test_vip_fear_greed" time="0.362" /><testcase classname="backend.tests.test_vip_iter86" name="test_vip_halving" time="0.949" /><testcase classname="backend.tests.test_vip_iter86" name="test_vip_daily_briefing_requires_auth" time="0.196" /></testsuite></testsuites>