<?xml version="1.0" encoding="utf-8"?><testsuites name="pytest tests"><testsuite name="pytest" errors="0" failures="0" skipped="0" tests="5" time="9.092" timestamp="2026-09-11T14:49:34.544890+00:00" hostname="agent-env-8e203573-2d9c-4bdf-8351-262143b3f4f9"><testcase classname="backend.tests.test_vip_final_system" name="test_vip_permissions_exact_6_features" time="0.571" /><testcase classname="backend.tests.test_vip_final_system" name="test_vip_daily_briefing_fr" time="0.196" /><testcase classname="backend.tests.test_vip_final_system" name="test_daily_briefing_requires_auth" time="0.188" /><testcase classname="backend.tests.test_vip_final_system" name="test_vip_ai_analyze_image" time="3.365" /><testcase classname="backend.tests.test_vip_final_system" name="test_atlas_chat_no_upgrade_prompt_for_vip" time="4.711" /></testsuite></testsuites>