<?xml version="1.0" encoding="utf-8"?><testsuites name="pytest tests"><testsuite name="pytest" errors="0" failures="0" skipped="0" tests="12" time="1.882" timestamp="2026-09-24T03:01:07.864363+00:00" hostname="agent-env-8e203573-2d9c-4bdf-8351-262143b3f4f9"><testcase classname="backend.tests.test_progression_hub" name="test_hub_success_flag" time="1.140" /><testcase classname="backend.tests.test_progression_hub" name="test_hub_level_fields" time="0.000" /><testcase classname="backend.tests.test_progression_hub" name="test_hub_streak" time="0.000" /><testcase classname="backend.tests.test_progression_hub" name="test_hub_skills_five" time="0.000" /><testcase classname="backend.tests.test_progression_hub" name="test_hub_badges_shape" time="0.000" /><testcase classname="backend.tests.test_progression_hub" name="test_hub_modules_fields" time="0.000" /><testcase classname="backend.tests.test_progression_hub" name="test_hub_daily_goals" time="0.000" /><testcase classname="backend.tests.test_progression_hub" name="test_hub_priority" time="0.000" /><testcase classname="backend.tests.test_progression_hub" name="test_hub_stats_quiz" time="0.000" /><testcase classname="backend.tests.test_progression_hub" name="test_hub_unauth" time="0.149" /><testcase classname="backend.tests.test_progression_hub" name="test_all_badges_endpoint" time="0.373" /><testcase classname="backend.tests.test_progression_hub" name="test_xp_history" time="0.154" /></testsuite></testsuites>