<?xml version="1.0" encoding="utf-8"?><testsuites name="pytest tests"><testsuite name="pytest" errors="0" failures="0" skipped="0" tests="13" time="1.898" timestamp="2026-09-24T11:18:59.899378+00:00" hostname="agent-env-8e203573-2d9c-4bdf-8351-262143b3f4f9"><testcase classname="backend.tests.test_progression_hub" name="test_hub_success_flag" time="1.188" /><testcase classname="backend.tests.test_progression_hub" name="test_hub_level_fields" time="0.000" /><testcase classname="backend.tests.test_progression_hub" name="test_hub_streak" time="0.000" /><testcase classname="backend.tests.test_progression_hub" name="test_hub_skills_five" time="0.000" /><testcase classname="backend.tests.test_progression_hub" name="test_hub_badges_shape" time="0.000" /><testcase classname="backend.tests.test_progression_hub" name="test_hub_modules_fields" time="0.000" /><testcase classname="backend.tests.test_progression_hub" name="test_hub_daily_goals" time="0.000" /><testcase classname="backend.tests.test_progression_hub" name="test_hub_priority" time="0.000" /><testcase classname="backend.tests.test_progression_hub" name="test_hub_stats_quiz" time="0.000" /><testcase classname="backend.tests.test_progression_hub" name="test_hub_unauth" time="0.126" /><testcase classname="backend.tests.test_progression_hub" name="test_all_badges_endpoint" time="0.376" /><testcase classname="backend.tests.test_progression_hub" name="test_xp_history" time="0.140" /><testcase classname="backend.tests.test_progression_hub" name="test_hub_levels_array" time="0.000" /></testsuite></testsuites>