<?xml version="1.0" encoding="utf-8"?><testsuites name="pytest tests"><testsuite name="pytest" errors="0" failures="0" skipped="0" tests="5" time="65.662" timestamp="2026-09-24T11:29:21.442189+00:00" hostname="agent-env-8e203573-2d9c-4bdf-8351-262143b3f4f9"><testcase classname="backend.tests.test_progression_hub_phase4" name="test_hub_levels_regression" time="1.209" /><testcase classname="backend.tests.test_progression_hub_phase4" name="test_get_progression_data_tool_declared" time="0.000" /><testcase classname="backend.tests.test_progression_hub_phase4" name="test_build_context_injects_progression_summary" time="0.000" /><testcase classname="backend.tests.test_progression_hub_phase4" name="test_chat_analyse_progression_en" time="28.925" /><testcase classname="backend.tests.test_progression_hub_phase4" name="test_chat_analyse_progression_fr" time="35.472" /></testsuite></testsuites>