<?xml version="1.0" encoding="utf-8"?><testsuites name="pytest tests"><testsuite name="pytest" errors="0" failures="0" skipped="0" tests="16" time="2.185" timestamp="2026-02-27T20:14:57.551529+00:00" hostname="agent-env-4f449b1a-1c1f-496a-a5a4-e2c9adb83348"><testcase classname="backend.tests.test_pro_marketplace.TestProEndpoints" name="test_01_get_pro_info_no_auth" time="0.174" /><testcase classname="backend.tests.test_pro_marketplace.TestProEndpoints" name="test_02_submit_pro_application" time="0.390" /><testcase classname="backend.tests.test_pro_marketplace.TestProEndpoints" name="test_03_get_application_status" time="0.070" /><testcase classname="backend.tests.test_pro_marketplace.TestProEndpoints" name="test_04_duplicate_application_rejected" time="0.077" /><testcase classname="backend.tests.test_pro_marketplace.TestProEndpoints" name="test_05_admin_list_applications" time="0.338" /><testcase classname="backend.tests.test_pro_marketplace.TestProEndpoints" name="test_06_admin_filter_applications_by_status" time="0.061" /><testcase classname="backend.tests.test_pro_marketplace.TestProEndpoints" name="test_07_non_admin_cannot_list_applications" time="0.075" /><testcase classname="backend.tests.test_pro_marketplace.TestProEndpoints" name="test_08_admin_approve_application" time="0.138" /><testcase classname="backend.tests.test_pro_marketplace.TestProEndpoints" name="test_09_get_approved_professionals_list" time="0.064" /><testcase classname="backend.tests.test_pro_marketplace.TestProEndpoints" name="test_10_filter_professionals_by_expertise" time="0.082" /><testcase classname="backend.tests.test_pro_marketplace.TestProEndpoints" name="test_11_search_professionals" time="0.106" /><testcase classname="backend.tests.test_pro_marketplace.TestProEndpoints" name="test_12_sort_professionals" time="0.222" /><testcase classname="backend.tests.test_pro_marketplace.TestProEndpoints" name="test_13_get_professional_profile" time="0.124" /><testcase classname="backend.tests.test_pro_marketplace.TestProEndpoints" name="test_14_invalid_professional_profile" time="0.057" /><testcase classname="backend.tests.test_pro_marketplace.TestProEndpoints" name="test_15_application_status_after_approval" time="0.062" /><testcase classname="backend.tests.test_pro_marketplace.TestProEndpoints" name="test_16_invalid_review_decision" time="0.057" /></testsuite></testsuites>