<?xml version="1.0" encoding="utf-8"?><testsuites name="pytest tests"><testsuite name="pytest" errors="0" failures="0" skipped="0" tests="28" time="48.745" timestamp="2026-02-22T23:51:23.939005+00:00" hostname="agent-env-65df1259-d3fc-4dc3-99ec-5fdd96db15ca"><testcase classname="backend.tests.test_vip_hub_backend.TestVIPToolsAPI" name="test_vip_tools_endpoint_requires_auth" time="0.649" /><testcase classname="backend.tests.test_vip_hub_backend.TestVIPToolsAPI" name="test_vip_tools_returns_all_tools" time="4.138" /><testcase classname="backend.tests.test_vip_hub_backend.TestVIPToolsAPI" name="test_fear_greed_structure" time="4.219" /><testcase classname="backend.tests.test_vip_hub_backend.TestVIPToolsAPI" name="test_btc_dominance_structure" time="3.612" /><testcase classname="backend.tests.test_vip_hub_backend.TestVIPToolsAPI" name="test_eth_gas_structure" time="3.468" /><testcase classname="backend.tests.test_vip_hub_backend.TestVIPToolsAPI" name="test_rainbow_chart_structure" time="4.440" /><testcase classname="backend.tests.test_vip_hub_backend.TestVIPToolsAPI" name="test_altcoin_season_structure" time="4.078" /><testcase classname="backend.tests.test_vip_hub_backend.TestVIPToolsAPI" name="test_halving_structure" time="4.378" /><testcase classname="backend.tests.test_vip_hub_backend.TestVIPToolsAPI" name="test_whale_alerts_structure" time="3.371" /><testcase classname="backend.tests.test_vip_hub_backend.TestVIPToolsAPI" name="test_liquidations_structure" time="3.654" /><testcase classname="backend.tests.test_vip_hub_backend.TestVIPAlertsAPI" name="test_alerts_endpoint_requires_auth" time="0.492" /><testcase classname="backend.tests.test_vip_hub_backend.TestVIPAlertsAPI" name="test_get_alerts_list" time="0.520" /><testcase classname="backend.tests.test_vip_hub_backend.TestVIPAlertsAPI" name="test_create_alert_price_above" time="0.637" /><testcase classname="backend.tests.test_vip_hub_backend.TestVIPAlertsAPI" name="test_create_alert_price_below" time="0.764" /><testcase classname="backend.tests.test_vip_hub_backend.TestVIPAlertsAPI" name="test_delete_alert" time="0.607" /><testcase classname="backend.tests.test_vip_hub_backend.TestVIPAlertsAPI" name="test_delete_nonexistent_alert" time="0.537" /><testcase classname="backend.tests.test_vip_hub_backend.TestVIPAvailableCryptosAPI" name="test_available_cryptos_requires_auth" time="0.500" /><testcase classname="backend.tests.test_vip_hub_backend.TestVIPAvailableCryptosAPI" name="test_available_cryptos_returns_20" time="0.543" /><testcase classname="backend.tests.test_vip_hub_backend.TestVIPAvailableCryptosAPI" name="test_available_cryptos_structure" time="0.542" /><testcase classname="backend.tests.test_vip_hub_backend.TestVIPAvailableCryptosAPI" name="test_popular_cryptos_included" time="0.606" /><testcase classname="backend.tests.test_vip_hub_backend.TestVIPAcademyAPI" name="test_academy_endpoint_requires_auth" time="0.450" /><testcase classname="backend.tests.test_vip_hub_backend.TestVIPAcademyAPI" name="test_academy_returns_5_courses" time="0.558" /><testcase classname="backend.tests.test_vip_hub_backend.TestVIPAcademyAPI" name="test_course_structure" time="0.481" /><testcase classname="backend.tests.test_vip_hub_backend.TestVIPAcademyAPI" name="test_course_has_module_content" time="0.468" /><testcase classname="backend.tests.test_vip_hub_backend.TestVIPAcademyAPI" name="test_course_progress_fields" time="0.527" /><testcase classname="backend.tests.test_vip_hub_backend.TestVIPUserAuthentication" name="test_login_with_valid_credentials" time="0.354" /><testcase classname="backend.tests.test_vip_hub_backend.TestVIPUserAuthentication" name="test_login_with_invalid_credentials" time="0.121" /><testcase classname="backend.tests.test_vip_hub_backend.TestVIPEndpointsSummary" name="test_all_vip_endpoints_accessible" time="3.917" /></testsuite></testsuites>