<?xml version="1.0" encoding="utf-8"?><testsuites name="pytest tests"><testsuite name="pytest" errors="0" failures="0" skipped="0" tests="8" time="3.034" timestamp="2026-03-20T01:39:46.254056+00:00" hostname="agent-env-0eb2d532-4fbb-4fdf-9a41-1fdb33b9d406"><testcase classname="tests.test_vip_social_community.TestVIPSocialCommunity" name="test_social_feed_returns_posts" time="0.459" /><testcase classname="tests.test_vip_social_community.TestVIPSocialCommunity" name="test_social_feed_with_limit" time="0.398" /><testcase classname="tests.test_vip_social_community.TestVIPSocialCommunity" name="test_stories_endpoint" time="0.421" /><testcase classname="tests.test_vip_social_community.TestVIPSocialCommunity" name="test_like_post_endpoint" time="0.568" /><testcase classname="tests.test_vip_social_community.TestVIPSocialCommunity" name="test_get_post_comments" time="0.475" /><testcase classname="tests.test_vip_social_community.TestVIPSocialCommunity" name="test_vip_status_check" time="0.396" /><testcase classname="tests.test_vip_social_community.TestVIPSocialUnauthenticated" name="test_social_feed_requires_auth" time="0.143" /><testcase classname="tests.test_vip_social_community.TestVIPSocialUnauthenticated" name="test_stories_requires_auth" time="0.112" /></testsuite></testsuites>