<?xml version="1.0" encoding="utf-8"?><testsuites name="pytest tests"><testsuite name="pytest" errors="0" failures="0" skipped="0" tests="12" time="6.969" timestamp="2026-03-08T23:52:19.371583+00:00" hostname="agent-env-d4a0429a-0e05-41d9-9450-fa41e7def350"><testcase classname="backend.tests.test_service_resources.TestServiceResourcesAPI" name="test_01_get_service_resources" time="0.678" /><testcase classname="backend.tests.test_service_resources.TestServiceResourcesAPI" name="test_02_add_document_resource" time="0.582" /><testcase classname="backend.tests.test_service_resources.TestServiceResourcesAPI" name="test_03_add_video_resource" time="0.562" /><testcase classname="backend.tests.test_service_resources.TestServiceResourcesAPI" name="test_04_add_link_resource" time="0.609" /><testcase classname="backend.tests.test_service_resources.TestServiceResourcesAPI" name="test_05_verify_resources_added" time="0.564" /><testcase classname="backend.tests.test_service_resources.TestServiceResourcesAPI" name="test_06_delete_resource" time="0.567" /><testcase classname="backend.tests.test_service_resources.TestServiceResourcesAPI" name="test_07_verify_resource_deleted" time="0.551" /><testcase classname="backend.tests.test_service_resources.TestServiceResourcesAPI" name="test_08_unauthorized_access" time="0.572" /><testcase classname="backend.tests.test_service_resources.TestServiceResourcesAPI" name="test_09_cleanup_test_resources" time="0.823" /><testcase classname="backend.tests.test_service_resources.TestServiceCreationWithMeetingLink" name="test_01_create_service_with_meeting_link" time="0.482" /><testcase classname="backend.tests.test_service_resources.TestServiceCreationWithMeetingLink" name="test_02_verify_meeting_link_in_service" time="0.435" /><testcase classname="backend.tests.test_service_resources.TestServiceCreationWithMeetingLink" name="test_03_cleanup_test_service" time="0.476" /></testsuite></testsuites>