<?xml version="1.0" encoding="utf-8"?><testsuites name="pytest tests"><testsuite name="pytest" errors="0" failures="0" skipped="0" tests="8" time="9.234" timestamp="2026-03-12T18:41:48.869173+00:00" hostname="agent-env-36047a17-9b81-4ee5-bccc-3bfb65dfbf9a"><testcase classname="backend.tests.test_feedback_system.TestFeedbackSystem" name="test_01_user_can_submit_feedback" time="2.334" /><testcase classname="backend.tests.test_feedback_system.TestFeedbackSystem" name="test_02_user_can_view_my_feedback" time="0.909" /><testcase classname="backend.tests.test_feedback_system.TestFeedbackSystem" name="test_03_admin_can_see_feedback_list" time="0.905" /><testcase classname="backend.tests.test_feedback_system.TestFeedbackSystem" name="test_04_admin_can_reply_to_feedback" time="0.838" /><testcase classname="backend.tests.test_feedback_system.TestFeedbackSystem" name="test_05_user_sees_admin_reply" time="0.834" /><testcase classname="backend.tests.test_feedback_system.TestFeedbackSystem" name="test_06_feedback_types_work" time="1.384" /><testcase classname="backend.tests.test_feedback_system.TestFeedbackSystem" name="test_07_admin_can_update_feedback_status" time="0.858" /><testcase classname="backend.tests.test_feedback_system.TestHomepageMentorCTA" name="test_01_pro_join_page_loads" time="1.111" /></testsuite></testsuites>