<?xml version="1.0" encoding="utf-8"?><testsuites name="pytest tests"><testsuite name="pytest" errors="0" failures="0" skipped="0" tests="9" time="2.452" timestamp="2026-02-27T22:41:34.991389+00:00" hostname="agent-env-013f52bb-21c0-4c12-ba29-c1300a7bdcd8"><testcase classname="backend.tests.test_admin_reports_features.TestAdminReportsFeatures" name="test_get_report_reasons" time="0.402" /><testcase classname="backend.tests.test_admin_reports_features.TestAdminReportsFeatures" name="test_create_report" time="0.449" /><testcase classname="backend.tests.test_admin_reports_features.TestAdminReportsFeatures" name="test_get_admin_reports" time="0.052" /><testcase classname="backend.tests.test_admin_reports_features.TestAdminReportsFeatures" name="test_get_admin_reports_stats" time="0.052" /><testcase classname="backend.tests.test_admin_reports_features.TestAdminReportsFeatures" name="test_review_report_resolved" time="0.115" /><testcase classname="backend.tests.test_admin_reports_features.TestAdminReportsFeatures" name="test_review_report_dismissed" time="0.107" /><testcase classname="backend.tests.test_admin_reports_features.TestProApplicationEmail" name="test_get_pro_applications" time="0.392" /><testcase classname="backend.tests.test_admin_reports_features.TestProApplicationEmail" name="test_review_pro_application_approve" time="0.384" /><testcase classname="backend.tests.test_admin_reports_features.TestReportsTabIntegration" name="test_reports_response_has_required_fields" time="0.383" /></testsuite></testsuites>