<?xml version="1.0" encoding="utf-8"?><testsuites name="pytest tests"><testsuite name="pytest" errors="0" failures="0" skipped="0" tests="22" time="8.059" timestamp="2026-02-27T20:59:45.633046+00:00" hostname="agent-env-4f449b1a-1c1f-496a-a5a4-e2c9adb83348"><testcase classname="backend.tests.test_pro_reviews.TestProReviewsAPI" name="test_01_get_pro_reviews_public_endpoint" time="2.305" /><testcase classname="backend.tests.test_pro_reviews.TestProReviewsAPI" name="test_02_get_pro_reviews_includes_stats" time="0.155" /><testcase classname="backend.tests.test_pro_reviews.TestProReviewsAPI" name="test_03_get_pro_reviews_with_rating_filter" time="0.213" /><testcase classname="backend.tests.test_pro_reviews.TestProReviewsAPI" name="test_04_get_pro_reviews_sort_options" time="0.173" /><testcase classname="backend.tests.test_pro_reviews.TestProReviewsAPI" name="test_05_get_pro_reviews_pagination" time="0.112" /><testcase classname="backend.tests.test_pro_reviews.TestProReviewsAPI" name="test_06_get_pro_reviews_nonexistent_pro" time="0.128" /><testcase classname="backend.tests.test_pro_reviews.TestProReviewsAPI" name="test_07_get_my_reviews_requires_auth" time="0.110" /><testcase classname="backend.tests.test_pro_reviews.TestProReviewsAPI" name="test_08_get_my_reviews_requires_pro_status" time="0.424" /><testcase classname="backend.tests.test_pro_reviews.TestProReviewsAPI" name="test_09_get_my_reviews_success" time="0.445" /><testcase classname="backend.tests.test_pro_reviews.TestProReviewsAPI" name="test_10_get_my_reviews_filter_has_response" time="0.472" /><testcase classname="backend.tests.test_pro_reviews.TestProReviewsAPI" name="test_11_respond_to_review_requires_auth" time="0.164" /><testcase classname="backend.tests.test_pro_reviews.TestProReviewsAPI" name="test_12_respond_to_review_requires_pro_status" time="0.408" /><testcase classname="backend.tests.test_pro_reviews.TestProReviewsAPI" name="test_13_respond_to_nonexistent_review" time="0.548" /><testcase classname="backend.tests.test_pro_reviews.TestProReviewsAPI" name="test_14_update_response_requires_auth" time="0.128" /><testcase classname="backend.tests.test_pro_reviews.TestProReviewsAPI" name="test_15_update_response_requires_pro_status" time="0.429" /><testcase classname="backend.tests.test_pro_reviews.TestProReviewsAPI" name="test_16_update_nonexistent_review" time="0.414" /><testcase classname="backend.tests.test_pro_reviews.TestProReviewsAPI" name="test_17_pro_profile_includes_recent_reviews" time="0.126" /><testcase classname="backend.tests.test_pro_reviews.TestProReviewsAPI" name="test_18_reviews_have_required_fields" time="0.112" /><testcase classname="backend.tests.test_pro_reviews.TestProReviewsAPI" name="test_19_reviews_can_have_pro_response" time="0.137" /><testcase classname="backend.tests.test_pro_reviews.TestProReviewsAPI" name="test_20_dashboard_reviews_returns_pending_count" time="0.399" /><testcase classname="backend.tests.test_pro_reviews.TestReviewsIntegration" name="test_21_pro_dashboard_endpoint_returns_success_structure" time="0.456" /><testcase classname="backend.tests.test_pro_reviews.TestReviewsIntegration" name="test_22_public_reviews_accessible_via_frontend_api_format" time="0.118" /></testsuite></testsuites>