<?xml version="1.0" encoding="utf-8"?><testsuites name="pytest tests"><testsuite name="pytest" errors="0" failures="0" skipped="0" tests="9" time="37.000" timestamp="2026-03-11T22:34:45.475491+00:00" hostname="agent-env-d37ecc6b-8cff-45a5-b093-abdda757216a"><testcase classname="tests.test_chart_analysis.TestLoginRegression" name="test_login_with_admin_credentials" time="0.530" /><testcase classname="tests.test_chart_analysis.TestLoginRegression" name="test_login_with_user_credentials" time="0.393" /><testcase classname="tests.test_chart_analysis.TestNewsRegression" name="test_news_returns_25_articles" time="0.945" /><testcase classname="tests.test_chart_analysis.TestChartAnalysisEndpoint" name="test_chart_analysis_requires_auth" time="0.158" /><testcase classname="tests.test_chart_analysis.TestChartAnalysisEndpoint" name="test_chart_analysis_requires_vip" time="12.255" /><testcase classname="tests.test_chart_analysis.TestChartAnalysisEndpoint" name="test_chart_analysis_with_vip_user" time="12.185" /><testcase classname="tests.test_chart_analysis.TestChartAnalysisEndpoint" name="test_general_analysis_type" time="9.809" /><testcase classname="tests.test_chart_analysis.TestVIPStatus" name="test_vip_status_endpoint" time="0.502" /><testcase classname="tests.test_chart_analysis.TestVIPStatus" name="test_vip_features_endpoint" time="0.133" /></testsuite></testsuites>