<?xml version="1.0" encoding="utf-8"?><testsuites name="pytest tests"><testsuite name="pytest" errors="0" failures="0" skipped="0" tests="14" time="8.199" timestamp="2026-03-11T11:26:56.637595+00:00" hostname="agent-env-010c7555-19e3-4341-8f15-3993f53518e0"><testcase classname="backend.tests.test_content_scheduling_mentor.TestHealthAndAuth" name="test_health_check" time="0.229" /><testcase classname="backend.tests.test_content_scheduling_mentor.TestHealthAndAuth" name="test_login_admin" time="0.465" /><testcase classname="backend.tests.test_content_scheduling_mentor.TestHealthAndAuth" name="test_login_user" time="0.371" /><testcase classname="backend.tests.test_content_scheduling_mentor.TestContentLibraryCRUD" name="test_get_content_library" time="0.583" /><testcase classname="backend.tests.test_content_scheduling_mentor.TestContentLibraryCRUD" name="test_create_content_basic" time="0.868" /><testcase classname="backend.tests.test_content_scheduling_mentor.TestContentLibraryCRUD" name="test_create_content_with_available_from" time="0.812" /><testcase classname="backend.tests.test_content_scheduling_mentor.TestContentLibraryCRUD" name="test_create_session_content_with_meeting_link" time="0.641" /><testcase classname="backend.tests.test_content_scheduling_mentor.TestContentLibraryCRUD" name="test_update_content" time="0.882" /><testcase classname="backend.tests.test_content_scheduling_mentor.TestContentLibraryCRUD" name="test_delete_content" time="0.656" /><testcase classname="backend.tests.test_content_scheduling_mentor.TestOfferCRUD" name="test_get_offers" time="0.463" /><testcase classname="backend.tests.test_content_scheduling_mentor.TestOfferCRUD" name="test_create_offer" time="0.526" /><testcase classname="backend.tests.test_content_scheduling_mentor.TestOfferCRUD" name="test_delete_offer" time="0.651" /><testcase classname="backend.tests.test_content_scheduling_mentor.TestContentAccessWithAvailability" name="test_purchase_access_endpoint_exists" time="0.443" /><testcase classname="backend.tests.test_content_scheduling_mentor.TestContentAccessWithAvailability" name="test_purchase_access_requires_auth" time="0.495" /></testsuite></testsuites>