<?xml version="1.0" encoding="utf-8"?><testsuites name="pytest tests"><testsuite name="pytest" errors="0" failures="0" skipped="0" tests="11" time="6.255" timestamp="2026-03-11T15:22:49.759260+00:00" hostname="agent-env-30b2f8e0-b702-4ede-9b2c-d3fe00277b72"><testcase classname="backend.tests.test_translation_api.TestTranslationAPI" name="test_translate_fr_to_en" time="2.245" /><testcase classname="backend.tests.test_translation_api.TestTranslationAPI" name="test_translate_same_language" time="0.110" /><testcase classname="backend.tests.test_translation_api.TestTranslationAPI" name="test_translate_multiple_texts" time="0.893" /><testcase classname="backend.tests.test_translation_api.TestTranslationAPI" name="test_translate_empty_text" time="0.730" /><testcase classname="backend.tests.test_translation_api.TestTranslationAPI" name="test_translate_unsupported_language" time="0.118" /><testcase classname="backend.tests.test_translation_api.TestPagesLoadWithoutErrors" name="test_homepage_loads" time="0.674" /><testcase classname="backend.tests.test_translation_api.TestPagesLoadWithoutErrors" name="test_marketplace_api" time="0.102" /><testcase classname="backend.tests.test_translation_api.TestPagesLoadWithoutErrors" name="test_professionals_api" time="0.138" /><testcase classname="backend.tests.test_translation_api.TestAuthentication" name="test_vip_user_login" time="0.353" /><testcase classname="backend.tests.test_translation_api.TestAuthentication" name="test_admin_user_login" time="0.351" /><testcase classname="backend.tests.test_translation_api.TestAuthentication" name="test_vip_status_check" time="0.477" /></testsuite></testsuites>