<?xml version="1.0" encoding="utf-8"?><testsuites name="pytest tests"><testsuite name="pytest" errors="0" failures="0" skipped="0" tests="9" time="2.112" timestamp="2026-03-20T02:34:09.477853+00:00" hostname="agent-env-0eb2d532-4fbb-4fdf-9a41-1fdb33b9d406"><testcase classname="backend.tests.test_offer_publish.TestOfferPublishWorkflow" name="test_create_offer_with_is_published_true" time="0.704" /><testcase classname="backend.tests.test_offer_publish.TestOfferPublishWorkflow" name="test_create_offer_with_is_published_false" time="0.106" /><testcase classname="backend.tests.test_offer_publish.TestOfferPublishWorkflow" name="test_marketplace_shows_only_published_offers" time="0.199" /><testcase classname="backend.tests.test_offer_publish.TestOfferPublishWorkflow" name="test_toggle_publish_returns_is_published_status" time="0.113" /><testcase classname="backend.tests.test_offer_publish.TestOfferPublishWorkflow" name="test_toggled_offer_appears_in_marketplace" time="0.156" /><testcase classname="backend.tests.test_offer_publish.TestOfferPublishWorkflow" name="test_toggle_publish_off_removes_from_marketplace" time="0.246" /><testcase classname="backend.tests.test_offer_publish.TestOfferPublishAPIValidation" name="test_marketplace_offer_detail_requires_published" time="0.103" /><testcase classname="backend.tests.test_offer_publish.TestOfferPublishAPIValidation" name="test_pro_offers_list_returns_all_for_pro" time="0.107" /><testcase classname="backend.tests.test_offer_publish.TestCleanup" name="test_cleanup_test_offers" time="0.313" /></testsuite></testsuites>