<?xml version="1.0" encoding="utf-8"?><testsuites name="pytest tests"><testsuite name="pytest" errors="0" failures="0" skipped="2" tests="12" time="31.637" timestamp="2026-02-22T23:05:21.633647+00:00" hostname="agent-env-3a9f3776-28a3-4573-9a29-d0797e35070e"><testcase classname="backend.tests.test_vip_crypto_tools.TestVIPCryptoTools" name="test_vip_tools_all_endpoint_returns_200" time="4.827" /><testcase classname="backend.tests.test_vip_crypto_tools.TestVIPCryptoTools" name="test_fear_greed_index" time="3.977" /><testcase classname="backend.tests.test_vip_crypto_tools.TestVIPCryptoTools" name="test_btc_dominance" time="3.759"><skipped type="pytest.skip" message="CoinGecko rate limited - btc_dominance unavailable">/app/backend/tests/test_vip_crypto_tools.py:93: CoinGecko rate limited - btc_dominance unavailable</skipped></testcase><testcase classname="backend.tests.test_vip_crypto_tools.TestVIPCryptoTools" name="test_bitcoin_halving_countdown" time="2.756" /><testcase classname="backend.tests.test_vip_crypto_tools.TestVIPCryptoTools" name="test_eth_gas_tracker" time="2.874" /><testcase classname="backend.tests.test_vip_crypto_tools.TestVIPCryptoTools" name="test_rainbow_chart" time="2.614"><skipped type="pytest.skip" message="CoinGecko rate limited - rainbow_chart unavailable">/app/backend/tests/test_vip_crypto_tools.py:188: CoinGecko rate limited - rainbow_chart unavailable</skipped></testcase><testcase classname="backend.tests.test_vip_crypto_tools.TestVIPCryptoTools" name="test_altcoin_season_index" time="2.747" /><testcase classname="backend.tests.test_vip_crypto_tools.TestVIPCryptoTools" name="test_whale_alerts_structure" time="2.661" /><testcase classname="backend.tests.test_vip_crypto_tools.TestVIPCryptoTools" name="test_liquidations_structure" time="3.063" /><testcase classname="backend.tests.test_vip_crypto_tools.TestVIPCryptoTools" name="test_vip_tools_without_auth_returns_401" time="0.662" /><testcase classname="backend.tests.test_vip_crypto_tools.TestIndividualToolEndpoints" name="test_fear_greed_individual_endpoint" time="0.682" /><testcase classname="backend.tests.test_vip_crypto_tools.TestIndividualToolEndpoints" name="test_halving_individual_endpoint" time="0.922" /></testsuite></testsuites>