<?xml version="1.0" encoding="utf-8"?><testsuites name="pytest tests"><testsuite name="pytest" errors="0" failures="2" skipped="0" tests="11" time="7.533" timestamp="2026-03-11T11:41:49.620178+00:00" hostname="agent-env-010c7555-19e3-4341-8f15-3993f53518e0"><testcase classname="tests.test_file_upload_websocket.TestHealthAndAuth" name="test_health_check" time="0.283" /><testcase classname="tests.test_file_upload_websocket.TestHealthAndAuth" name="test_login_admin" time="0.424" /><testcase classname="tests.test_file_upload_websocket.TestFileUpload" name="test_file_upload_requires_auth" time="0.110" /><testcase classname="tests.test_file_upload_websocket.TestFileUpload" name="test_file_upload_success" time="0.470" /><testcase classname="tests.test_file_upload_websocket.TestFileUpload" name="test_uploaded_file_accessible" time="0.647" /><testcase classname="tests.test_file_upload_websocket.TestFileUpload" name="test_file_upload_invalid_extension_rejected" time="0.483" /><testcase classname="tests.test_file_upload_websocket.TestFileUpload" name="test_file_upload_various_allowed_types" time="0.968" /><testcase classname="tests.test_file_upload_websocket.TestContentWithFileUrl" name="test_create_content_with_file_url" time="0.833" /><testcase classname="tests.test_file_upload_websocket.TestWebSocketAvailability" name="test_socketio_endpoint_exists" time="1.852"><failure message="AssertionError: Socket.IO endpoint check failed: 404&#10;assert 404 in [200, 400]&#10; +  where 404 = &lt;Response [404]&gt;.status_code">tests/test_file_upload_websocket.py:206: in test_socketio_endpoint_exists
    assert response.status_code in [200, 400], f"Socket.IO endpoint check failed: {response.status_code}"
E   AssertionError: Socket.IO endpoint check failed: 404
E   assert 404 in [200, 400]
E    +  where 404 = &lt;Response [404]&gt;.status_code</failure></testcase><testcase classname="tests.test_file_upload_websocket.TestWebSocketAvailability" name="test_socketio_polling_transport" time="0.778"><failure message="AssertionError: Socket.IO endpoint not found (404)&#10;assert 404 != 404&#10; +  where 404 = &lt;Response [404]&gt;.status_code">tests/test_file_upload_websocket.py:229: in test_socketio_polling_transport
    assert response.status_code != 404, "Socket.IO endpoint not found (404)"
E   AssertionError: Socket.IO endpoint not found (404)
E   assert 404 != 404
E    +  where 404 = &lt;Response [404]&gt;.status_code</failure></testcase><testcase classname="tests.test_file_upload_websocket.TestAPIStaticFiles" name="test_uploads_directory_accessible" time="0.572" /></testsuite></testsuites>