<?xml version="1.0" encoding="utf-8"?><testsuites name="pytest tests"><testsuite name="pytest" errors="0" failures="0" skipped="0" tests="10" time="3.093" timestamp="2026-03-12T17:31:14.910433+00:00" hostname="agent-env-99b4c91e-78b3-432c-9120-23be9d8c7332"><testcase classname="backend.tests.test_admin_feedback_interactions.TestAdminFeedbackEndpoints" name="test_get_feedback_list" time="0.626" /><testcase classname="backend.tests.test_admin_feedback_interactions.TestAdminFeedbackEndpoints" name="test_post_reply_to_feedback" time="0.347" /><testcase classname="backend.tests.test_admin_feedback_interactions.TestAdminFeedbackEndpoints" name="test_patch_feedback_status_toggle" time="0.304" /><testcase classname="backend.tests.test_admin_feedback_interactions.TestAdminFeedbackEndpoints" name="test_delete_feedback" time="0.393" /><testcase classname="backend.tests.test_admin_feedback_interactions.TestAdminFeedbackEndpoints" name="test_delete_nonexistent_feedback" time="0.143" /><testcase classname="backend.tests.test_admin_feedback_interactions.TestAdminFeedbackEndpoints" name="test_reply_to_nonexistent_feedback" time="0.136" /><testcase classname="backend.tests.test_admin_feedback_interactions.TestAdminFeedbackEndpoints" name="test_patch_nonexistent_feedback" time="0.121" /><testcase classname="backend.tests.test_admin_feedback_interactions.TestAdminFeedbackEndpoints" name="test_feedback_list_filters" time="0.275" /><testcase classname="backend.tests.test_admin_feedback_interactions.TestAdminFeedbackEndpoints" name="test_reply_appears_in_feedback_get" time="0.161" /><testcase classname="backend.tests.test_admin_feedback_interactions.TestAdminLogsNotCrash" name="test_admin_logs_endpoint" time="0.515" /></testsuite></testsuites>