<?xml version="1.0" encoding="utf-8"?><testsuites name="pytest tests"><testsuite name="pytest" errors="0" failures="0" skipped="0" tests="8" time="20.323" timestamp="2026-06-25T00:14:11.095240+00:00" hostname="agent-env-8e203573-2d9c-4bdf-8351-262143b3f4f9"><testcase classname="backend.tests.test_atlas_language.TestAtlasChatSimple" name="test_simple_english" time="4.240" /><testcase classname="backend.tests.test_atlas_language.TestAtlasChatSimple" name="test_simple_french" time="1.930" /><testcase classname="backend.tests.test_atlas_language.TestAtlasChatSimple" name="test_simple_spanish" time="4.094" /><testcase classname="backend.tests.test_atlas_language.TestAtlasChatSimple" name="test_simple_default_is_english" time="1.956" /><testcase classname="backend.tests.test_atlas_language.TestAtlasChatStreaming" name="test_chat_streaming_english" time="2.559" /><testcase classname="backend.tests.test_atlas_language.TestTeachChat" name="test_teach_chat_english" time="1.383" /><testcase classname="backend.tests.test_atlas_language.TestTeachChat" name="test_teach_chat_default_is_english" time="1.375" /><testcase classname="backend.tests.test_atlas_language.TestTeachChat" name="test_teach_chat_french" time="2.724" /></testsuite></testsuites>