<?xml version="1.0" encoding="utf-8"?><testsuites name="pytest tests"><testsuite name="pytest" errors="0" failures="0" skipped="0" tests="24" time="13.367" timestamp="2026-02-22T02:08:04.829009+00:00" hostname="agent-env-2fcf8a89-02d3-49cf-8278-46437fc159f7"><testcase classname="backend.tests.test_vip_apis_full.TestVIPAuthentication" name="test_vip_login_success" time="0.457" /><testcase classname="backend.tests.test_vip_apis_full.TestVIPAuthentication" name="test_vip_status_endpoint" time="0.461" /><testcase classname="backend.tests.test_vip_apis_full.TestSmartMoneyAPI" name="test_get_smart_money_transactions" time="0.511" /><testcase classname="backend.tests.test_vip_apis_full.TestAlertsAPI" name="test_get_alerts_list" time="0.518" /><testcase classname="backend.tests.test_vip_apis_full.TestAlertsAPI" name="test_create_alert" time="0.640" /><testcase classname="backend.tests.test_vip_apis_full.TestAlertsAPI" name="test_create_and_delete_alert" time="0.614" /><testcase classname="backend.tests.test_vip_apis_full.TestWalletAPI" name="test_get_wallet_portfolio" time="0.507" /><testcase classname="backend.tests.test_vip_apis_full.TestWalletAPI" name="test_add_wallet_asset" time="0.616" /><testcase classname="backend.tests.test_vip_apis_full.TestWalletAPI" name="test_add_and_remove_asset" time="0.604" /><testcase classname="backend.tests.test_vip_apis_full.TestAchievementsAPI" name="test_get_achievements" time="0.503" /><testcase classname="backend.tests.test_vip_apis_full.TestAchievementsAPI" name="test_get_gamification_stats" time="0.481" /><testcase classname="backend.tests.test_vip_apis_full.TestLeaderboardAPI" name="test_get_leaderboard" time="0.470" /><testcase classname="backend.tests.test_vip_apis_full.TestAcademyAPI" name="test_get_advanced_courses" time="0.462" /><testcase classname="backend.tests.test_vip_apis_full.TestCopyTradingAPI" name="test_get_copy_traders" time="0.503" /><testcase classname="backend.tests.test_vip_apis_full.TestCopyTradingAPI" name="test_follow_and_unfollow_trader" time="0.764" /><testcase classname="backend.tests.test_vip_apis_full.TestSocialAPI" name="test_get_social_feed" time="0.470" /><testcase classname="backend.tests.test_vip_apis_full.TestSocialAPI" name="test_create_and_like_post" time="0.763" /><testcase classname="backend.tests.test_vip_apis_full.TestPaywallNonVIP" name="test_smart_money_returns_403_for_non_vip" time="0.480" /><testcase classname="backend.tests.test_vip_apis_full.TestPaywallNonVIP" name="test_alerts_returns_403_for_non_vip" time="0.606" /><testcase classname="backend.tests.test_vip_apis_full.TestPaywallNonVIP" name="test_wallet_returns_403_for_non_vip" time="0.533" /><testcase classname="backend.tests.test_vip_apis_full.TestPaywallNonVIP" name="test_achievements_returns_403_for_non_vip" time="0.634" /><testcase classname="backend.tests.test_vip_apis_full.TestPaywallNonVIP" name="test_academy_returns_403_for_non_vip" time="0.558" /><testcase classname="backend.tests.test_vip_apis_full.TestPaywallNonVIP" name="test_copy_trading_returns_403_for_non_vip" time="0.537" /><testcase classname="backend.tests.test_vip_apis_full.TestPaywallNonVIP" name="test_social_returns_403_for_non_vip" time="0.574" /></testsuite></testsuites>