<?xml version="1.0" encoding="utf-8"?><testsuites name="pytest tests"><testsuite name="pytest" errors="0" failures="0" skipped="0" tests="15" time="7.464" timestamp="2026-02-23T00:46:34.593329+00:00" hostname="agent-env-65df1259-d3fc-4dc3-99ec-5fdd96db15ca"><testcase classname="backend.tests.test_notifications_center.TestNotificationCenter" name="test_get_notification_history_returns_200" time="0.514" /><testcase classname="backend.tests.test_notifications_center.TestNotificationCenter" name="test_notification_history_structure" time="0.130" /><testcase classname="backend.tests.test_notifications_center.TestNotificationCenter" name="test_notification_history_requires_auth" time="0.129" /><testcase classname="backend.tests.test_notifications_center.TestNotificationCenter" name="test_mark_all_notifications_read" time="0.128" /><testcase classname="backend.tests.test_notifications_center.TestNotificationCenter" name="test_mark_specific_notifications_read" time="0.292" /><testcase classname="backend.tests.test_notifications_center.TestNotificationCenter" name="test_mark_read_requires_auth" time="0.143" /><testcase classname="backend.tests.test_notifications_center.TestNotificationCenter" name="test_register_push_token" time="0.170" /><testcase classname="backend.tests.test_notifications_center.TestNotificationCenter" name="test_register_invalid_token_format" time="0.173" /><testcase classname="backend.tests.test_notifications_center.TestNotificationCenter" name="test_register_token_requires_auth" time="0.157" /><testcase classname="backend.tests.test_notifications_center.TestMessageNotifications" name="test_message_creates_notification_for_recipient" time="1.526" /><testcase classname="backend.tests.test_notifications_center.TestMessageNotifications" name="test_self_message_not_allowed" time="0.115" /><testcase classname="backend.tests.test_notifications_center.TestSocialPostNotifications" name="test_like_creates_notification_for_author" time="1.684" /><testcase classname="backend.tests.test_notifications_center.TestSocialPostNotifications" name="test_comment_creates_notification_for_author" time="0.762" /><testcase classname="backend.tests.test_notifications_center.TestSocialPostNotifications" name="test_self_like_no_notification" time="0.876" /><testcase classname="backend.tests.test_notifications_center.TestNotificationFilters" name="test_notification_types_present" time="0.609" /></testsuite></testsuites>