<?xml version="1.0" encoding="utf-8"?><testsuites name="pytest tests"><testsuite name="pytest" errors="0" failures="1" skipped="0" tests="10" time="9.558" timestamp="2026-02-27T21:44:20.431625+00:00" hostname="agent-env-013f52bb-21c0-4c12-ba29-c1300a7bdcd8"><testcase classname="tests.test_pro_apply.TestProApplicationFlow" name="test_01_get_pro_info_public" time="0.984" /><testcase classname="tests.test_pro_apply.TestProApplicationFlow" name="test_02_apply_requires_auth" time="0.979" /><testcase classname="tests.test_pro_apply.TestProApplicationFlow" name="test_03_get_status_requires_auth" time="0.911" /><testcase classname="tests.test_pro_apply.TestProApplicationFlow" name="test_04_get_status_returns_null_initially" time="0.902" /><testcase classname="tests.test_pro_apply.TestProApplicationFlow" name="test_05_submit_pro_application" time="0.882" /><testcase classname="tests.test_pro_apply.TestProApplicationFlow" name="test_06_cannot_submit_duplicate" time="0.889"><failure message="AssertionError: Expected 400, got 422&#10;assert 422 == 400&#10; +  where 422 = &lt;Response [422]&gt;.status_code">tests/test_pro_apply.py:201: in test_06_cannot_submit_duplicate
    assert response.status_code == 400, f"Expected 400, got {response.status_code}"
E   AssertionError: Expected 400, got 422
E   assert 422 == 400
E    +  where 422 = &lt;Response [422]&gt;.status_code</failure></testcase><testcase classname="tests.test_pro_apply.TestProApplicationFlow" name="test_07_get_status_shows_pending" time="0.976" /><testcase classname="tests.test_pro_apply.TestProApplicationFlow" name="test_08_admin_can_view_applications" time="0.897" /><testcase classname="tests.test_pro_apply.TestProApplicationFlow" name="test_09_admin_can_filter_by_status" time="1.173" /><testcase classname="tests.test_pro_apply.TestProApplicationFlow" name="test_10_application_has_required_fields" time="0.887" /></testsuite></testsuites>