<?xml version="1.0" encoding="utf-8"?><testsuites name="pytest tests"><testsuite name="pytest" errors="0" failures="0" skipped="0" tests="5" time="0.815" timestamp="2026-06-21T21:01:51.057059+00:00" hostname="agent-env-8e203573-2d9c-4bdf-8351-262143b3f4f9"><testcase classname="backend.tests.test_glossary_terms" name="test_glossary_default_lang_fr" time="0.261" /><testcase classname="backend.tests.test_glossary_terms" name="test_glossary_lang_fr" time="0.104" /><testcase classname="backend.tests.test_glossary_terms" name="test_glossary_lang_en" time="0.138" /><testcase classname="backend.tests.test_glossary_terms" name="test_glossary_lang_es" time="0.134" /><testcase classname="backend.tests.test_glossary_terms" name="test_glossary_unknown_lang_fallback" time="0.117" /></testsuite></testsuites>