<?xml version="1.0" encoding="utf-8"?><testsuites name="pytest tests"><testsuite name="pytest" errors="0" failures="0" skipped="0" tests="17" time="6.619" timestamp="2026-03-11T22:16:20.955060+00:00" hostname="agent-env-d37ecc6b-8cff-45a5-b093-abdda757216a"><testcase classname="backend.tests.test_news_realtime_25.TestNewsEndpoint25Articles" name="test_news_returns_25_articles" time="1.031" /><testcase classname="backend.tests.test_news_realtime_25.TestNewsEndpoint25Articles" name="test_news_returns_success_true" time="0.272" /><testcase classname="backend.tests.test_news_realtime_25.TestNewsEndpoint25Articles" name="test_news_returns_data_array" time="0.420" /><testcase classname="backend.tests.test_news_realtime_25.TestNewsEndpoint25Articles" name="test_news_includes_source_info" time="1.001" /><testcase classname="backend.tests.test_news_realtime_25.TestNewsEndpoint25Articles" name="test_news_total_count" time="0.423" /><testcase classname="backend.tests.test_news_realtime_25.TestNewsArticleStructure" name="test_article_has_required_fields" time="0.311" /><testcase classname="backend.tests.test_news_realtime_25.TestNewsArticleStructure" name="test_article_category_is_valid" time="0.269" /><testcase classname="backend.tests.test_news_realtime_25.TestNewsArticleStructure" name="test_article_impact_is_valid" time="0.278" /><testcase classname="backend.tests.test_news_realtime_25.TestNewsCategoryFilters" name="test_filter_by_macro" time="0.302" /><testcase classname="backend.tests.test_news_realtime_25.TestNewsCategoryFilters" name="test_filter_by_technologie" time="0.271" /><testcase classname="backend.tests.test_news_realtime_25.TestNewsCategoryFilters" name="test_filter_by_institutionnel" time="0.269" /><testcase classname="backend.tests.test_news_realtime_25.TestNewsCategoryFilters" name="test_filter_by_securite" time="0.278" /><testcase classname="backend.tests.test_news_realtime_25.TestLoginAfterFix" name="test_login_with_admin_credentials" time="0.417" /><testcase classname="backend.tests.test_news_realtime_25.TestLoginAfterFix" name="test_login_without_captcha" time="0.358" /><testcase classname="backend.tests.test_news_realtime_25.TestLoginAfterFix" name="test_login_with_invalid_password" time="0.347" /><testcase classname="backend.tests.test_news_realtime_25.TestTrendingAndFlashNews" name="test_trending_news_endpoint" time="0.155" /><testcase classname="backend.tests.test_news_realtime_25.TestTrendingAndFlashNews" name="test_flash_news_endpoint" time="0.140" /></testsuite></testsuites>