<?xml version="1.0" encoding="utf-8"?><testsuites name="pytest tests"><testsuite name="pytest" errors="0" failures="0" skipped="0" tests="13" time="6.713" timestamp="2026-03-11T20:41:26.380099+00:00" hostname="agent-env-39d32264-f576-47c5-909a-bf996489a5ab"><testcase classname="backend.tests.test_captcha_2fa.TestCaptcha" name="test_get_recaptcha_site_key" time="0.322" /><testcase classname="backend.tests.test_captcha_2fa.TestCaptcha" name="test_login_without_captcha_fails" time="0.150" /><testcase classname="backend.tests.test_captcha_2fa.TestCaptcha" name="test_register_without_captcha_fails" time="0.209" /><testcase classname="backend.tests.test_captcha_2fa.TestCaptcha" name="test_login_with_captcha_succeeds" time="0.528" /><testcase classname="backend.tests.test_captcha_2fa.Test2FA" name="test_2fa_status_endpoint" time="0.590" /><testcase classname="backend.tests.test_captcha_2fa.Test2FA" name="test_2fa_setup_returns_qr_code" time="0.688" /><testcase classname="backend.tests.test_captcha_2fa.Test2FA" name="test_2fa_verify_setup_requires_valid_code" time="0.562" /><testcase classname="backend.tests.test_captcha_2fa.Test2FA" name="test_2fa_disable_requires_password" time="0.725" /><testcase classname="backend.tests.test_captcha_2fa.TestBiometric" name="test_biometric_toggle_on" time="0.573" /><testcase classname="backend.tests.test_captcha_2fa.TestBiometric" name="test_biometric_toggle_off" time="0.564" /><testcase classname="backend.tests.test_captcha_2fa.TestBiometric" name="test_biometric_status_reflected_in_2fa_status" time="0.654" /><testcase classname="backend.tests.test_captcha_2fa.TestAdvancedAnalytics" name="test_analytics_performance_endpoint" time="0.524" /><testcase classname="backend.tests.test_captcha_2fa.TestAdvancedAnalytics" name="test_analytics_revenue_endpoint" time="0.541" /></testsuite></testsuites>