<?xml version="1.0" encoding="utf-8"?><testsuites name="pytest tests"><testsuite name="pytest" errors="0" failures="0" skipped="0" tests="28" time="3.852" timestamp="2026-06-25T15:05:17.933123+00:00" hostname="agent-env-8e203573-2d9c-4bdf-8351-262143b3f4f9"><testcase classname="backend.tests.test_crypto_zero_user_call" name="test_health_ok" time="0.275" /><testcase classname="backend.tests.test_crypto_zero_user_call" name="test_login_super_admin" time="0.388" /><testcase classname="backend.tests.test_crypto_zero_user_call.TestPrices" name="test_prices_returns_20_real_cached" time="0.127" /><testcase classname="backend.tests.test_crypto_zero_user_call.TestPrices" name="test_prices_includes_sparkline_field" time="0.123" /><testcase classname="backend.tests.test_crypto_zero_user_call" name="test_chart_zero_user_call[1-bitcoin]" time="0.126" /><testcase classname="backend.tests.test_crypto_zero_user_call" name="test_chart_zero_user_call[1-ethereum]" time="0.116" /><testcase classname="backend.tests.test_crypto_zero_user_call" name="test_chart_zero_user_call[1-solana]" time="0.110" /><testcase classname="backend.tests.test_crypto_zero_user_call" name="test_chart_zero_user_call[1-dogecoin]" time="0.114" /><testcase classname="backend.tests.test_crypto_zero_user_call" name="test_chart_zero_user_call[7-bitcoin]" time="0.112" /><testcase classname="backend.tests.test_crypto_zero_user_call" name="test_chart_zero_user_call[7-ethereum]" time="0.118" /><testcase classname="backend.tests.test_crypto_zero_user_call" name="test_chart_zero_user_call[7-solana]" time="0.123" /><testcase classname="backend.tests.test_crypto_zero_user_call" name="test_chart_zero_user_call[7-dogecoin]" time="0.118" /><testcase classname="backend.tests.test_crypto_zero_user_call" name="test_chart_zero_user_call[30-bitcoin]" time="0.115" /><testcase classname="backend.tests.test_crypto_zero_user_call" name="test_chart_zero_user_call[30-ethereum]" time="0.106" /><testcase classname="backend.tests.test_crypto_zero_user_call" name="test_chart_zero_user_call[30-solana]" time="0.125" /><testcase classname="backend.tests.test_crypto_zero_user_call" name="test_chart_zero_user_call[30-dogecoin]" time="0.113" /><testcase classname="backend.tests.test_crypto_zero_user_call" name="test_chart_zero_user_call[90-bitcoin]" time="0.152" /><testcase classname="backend.tests.test_crypto_zero_user_call" name="test_chart_zero_user_call[90-ethereum]" time="0.146" /><testcase classname="backend.tests.test_crypto_zero_user_call" name="test_chart_zero_user_call[90-solana]" time="0.165" /><testcase classname="backend.tests.test_crypto_zero_user_call" name="test_chart_zero_user_call[90-dogecoin]" time="0.147" /><testcase classname="backend.tests.test_crypto_zero_user_call" name="test_chart_zero_user_call[365-bitcoin]" time="0.121" /><testcase classname="backend.tests.test_crypto_zero_user_call" name="test_chart_zero_user_call[365-ethereum]" time="0.105" /><testcase classname="backend.tests.test_crypto_zero_user_call" name="test_chart_zero_user_call[365-solana]" time="0.111" /><testcase classname="backend.tests.test_crypto_zero_user_call" name="test_chart_zero_user_call[365-dogecoin]" time="0.105" /><testcase classname="backend.tests.test_crypto_zero_user_call" name="test_chart_data_chronological" time="0.108" /><testcase classname="backend.tests.test_crypto_zero_user_call" name="test_rainbow_chart" time="0.118" /><testcase classname="backend.tests.test_crypto_zero_user_call" name="test_global_stats" time="0.108" /><testcase classname="backend.tests.test_crypto_zero_user_call" name="test_trending" time="0.098" /></testsuite></testsuites>