<?xml version="1.0" encoding="utf-8"?><testsuites name="pytest tests"><testsuite name="pytest" errors="0" failures="0" skipped="0" tests="23" time="9.615" timestamp="2026-02-27T20:44:31.477350+00:00" hostname="agent-env-4f449b1a-1c1f-496a-a5a4-e2c9adb83348"><testcase classname="backend.tests.test_client_booking.TestGetProfessionalServices" name="test_01_get_pro_services_success" time="0.386" /><testcase classname="backend.tests.test_client_booking.TestGetProfessionalServices" name="test_02_get_pro_services_includes_professional_info" time="0.152" /><testcase classname="backend.tests.test_client_booking.TestGetProfessionalServices" name="test_03_get_pro_services_nonexistent_pro" time="0.126" /><testcase classname="backend.tests.test_client_booking.TestCreateBooking" name="test_04_create_booking_requires_auth" time="0.115" /><testcase classname="backend.tests.test_client_booking.TestCreateBooking" name="test_05_create_booking_success" time="0.478" /><testcase classname="backend.tests.test_client_booking.TestCreateBooking" name="test_06_create_booking_past_date_rejected" time="0.533" /><testcase classname="backend.tests.test_client_booking.TestCreateBooking" name="test_07_create_booking_nonexistent_service" time="0.467" /><testcase classname="backend.tests.test_client_booking.TestCreateBooking" name="test_08_cannot_book_own_service" time="0.551" /><testcase classname="backend.tests.test_client_booking.TestGetMyBookings" name="test_09_get_my_bookings_requires_auth" time="0.121" /><testcase classname="backend.tests.test_client_booking.TestGetMyBookings" name="test_10_get_my_bookings_success" time="0.443" /><testcase classname="backend.tests.test_client_booking.TestGetMyBookings" name="test_11_get_my_bookings_filter_by_status" time="0.497" /><testcase classname="backend.tests.test_client_booking.TestGetBookingDetail" name="test_12_get_booking_detail_requires_auth" time="0.106" /><testcase classname="backend.tests.test_client_booking.TestGetBookingDetail" name="test_13_get_booking_detail_success" time="0.594" /><testcase classname="backend.tests.test_client_booking.TestGetBookingDetail" name="test_14_get_booking_detail_not_found" time="0.491" /><testcase classname="backend.tests.test_client_booking.TestCancelBooking" name="test_15_cancel_booking_requires_auth" time="0.122" /><testcase classname="backend.tests.test_client_booking.TestCancelBooking" name="test_16_cancel_booking_success" time="0.758" /><testcase classname="backend.tests.test_client_booking.TestCancelBooking" name="test_17_cancel_booking_not_found" time="0.476" /><testcase classname="backend.tests.test_client_booking.TestSubmitReview" name="test_18_submit_review_requires_auth" time="0.128" /><testcase classname="backend.tests.test_client_booking.TestSubmitReview" name="test_19_submit_review_not_found" time="0.498" /><testcase classname="backend.tests.test_client_booking.TestSubmitReview" name="test_20_submit_review_invalid_rating" time="0.647" /><testcase classname="backend.tests.test_client_booking.TestSubmitReview" name="test_21_submit_review_pending_booking_rejected" time="0.567" /><testcase classname="backend.tests.test_client_booking.TestCommissionCalculation" name="test_22_commission_25_percent" time="0.602" /><testcase classname="backend.tests.test_client_booking.TestCleanup" name="test_99_cleanup_test_bookings" time="0.662" /></testsuite></testsuites>