<?xml version="1.0" encoding="utf-8"?><testsuites name="pytest tests"><testsuite name="pytest" errors="0" failures="0" skipped="0" tests="16" time="50.392" timestamp="2026-02-22T04:50:17.426007+00:00" hostname="agent-env-3a9f3776-28a3-4573-9a29-d0797e35070e"><testcase classname="backend.tests.test_etherscan_vip_features.TestEtherscanVIPFeatures" name="test_smart_money_api_returns_200" time="5.854" /><testcase classname="backend.tests.test_etherscan_vip_features.TestEtherscanVIPFeatures" name="test_smart_money_has_coming_soon_message" time="5.607" /><testcase classname="backend.tests.test_etherscan_vip_features.TestEtherscanVIPFeatures" name="test_smart_money_returns_transactions_with_tx_hash" time="6.292" /><testcase classname="backend.tests.test_etherscan_vip_features.TestEtherscanVIPFeatures" name="test_smart_money_returns_whale_address" time="6.075" /><testcase classname="backend.tests.test_etherscan_vip_features.TestEtherscanVIPFeatures" name="test_smart_money_returns_etherscan_tx_url" time="5.434" /><testcase classname="backend.tests.test_etherscan_vip_features.TestEtherscanVIPFeatures" name="test_smart_money_returns_real_transactions" time="5.482" /><testcase classname="backend.tests.test_etherscan_vip_features.TestEtherscanVIPFeatures" name="test_smart_money_returns_known_whale_names" time="6.457" /><testcase classname="backend.tests.test_etherscan_vip_features.TestEtherscanVIPFeatures" name="test_smart_money_summary_contains_volumes" time="6.487" /><testcase classname="backend.tests.test_etherscan_vip_features.TestEtherscanVIPFeatures" name="test_copy_traders_api_returns_200" time="0.404" /><testcase classname="backend.tests.test_etherscan_vip_features.TestEtherscanVIPFeatures" name="test_copy_traders_has_coming_soon_message" time="0.382" /><testcase classname="backend.tests.test_etherscan_vip_features.TestEtherscanVIPFeatures" name="test_copy_traders_returns_wallet_address" time="0.376" /><testcase classname="backend.tests.test_etherscan_vip_features.TestEtherscanVIPFeatures" name="test_copy_traders_returns_etherscan_url" time="0.383" /><testcase classname="backend.tests.test_etherscan_vip_features.TestEtherscanVIPFeatures" name="test_copy_traders_returns_recent_trades" time="0.389" /><testcase classname="backend.tests.test_etherscan_vip_features.TestEtherscanVIPFeatures" name="test_copy_traders_includes_famous_traders" time="0.394" /><testcase classname="backend.tests.test_etherscan_vip_features.TestVIPAccessControl" name="test_smart_money_requires_auth" time="0.114" /><testcase classname="backend.tests.test_etherscan_vip_features.TestVIPAccessControl" name="test_copy_traders_requires_auth" time="0.138" /></testsuite></testsuites>