<?xml version="1.0" encoding="utf-8"?><testsuites name="pytest tests"><testsuite name="pytest" errors="0" failures="0" skipped="0" tests="8" time="2.532" timestamp="2026-03-19T21:46:51.421414+00:00" hostname="agent-env-4e111f9d-664a-4bfc-9715-62a8e106366c"><testcase classname="backend.tests.test_p1_features.TestInfluencerDashboardAPIs" name="test_influencer_user_is_professional_and_influencer" time="0.537" /><testcase classname="backend.tests.test_p1_features.TestInfluencerDashboardAPIs" name="test_admin_user_is_not_professional" time="0.473" /><testcase classname="backend.tests.test_p1_features.TestInfluencerDashboardAPIs" name="test_influencer_stats_returns_200" time="0.132" /><testcase classname="backend.tests.test_p1_features.TestInfluencerDashboardAPIs" name="test_influencer_stripe_status_returns_200" time="0.108" /><testcase classname="backend.tests.test_p1_features.TestInfluencerDashboardAPIs" name="test_influencer_stripe_connect_returns_response" time="0.361" /><testcase classname="backend.tests.test_p1_features.TestInfluencerDashboardAPIs" name="test_non_influencer_stats_returns_404" time="0.145" /><testcase classname="backend.tests.test_p1_features.TestLoginUserFlags" name="test_login_returns_is_professional_flag" time="0.392" /><testcase classname="backend.tests.test_p1_features.TestLoginUserFlags" name="test_admin_login_returns_not_professional" time="0.330" /></testsuite></testsuites>