<?xml version="1.0" encoding="utf-8"?><testsuites name="pytest tests"><testsuite name="pytest" errors="0" failures="0" skipped="0" tests="16" time="8.064" timestamp="2026-03-09T00:56:17.260709+00:00" hostname="agent-env-20da83d9-35dc-4913-a032-c77bd39f43a6"><testcase classname="backend.tests.test_pro_content_offers.TestProContentLibrary" name="test_01_get_content_library" time="0.520" /><testcase classname="backend.tests.test_pro_content_offers.TestProContentLibrary" name="test_02_create_pdf_content" time="0.446" /><testcase classname="backend.tests.test_pro_content_offers.TestProContentLibrary" name="test_03_create_quiz_content" time="0.470" /><testcase classname="backend.tests.test_pro_content_offers.TestProContentLibrary" name="test_04_create_video_content" time="0.458" /><testcase classname="backend.tests.test_pro_content_offers.TestProContentLibrary" name="test_05_get_content_item" time="0.453" /><testcase classname="backend.tests.test_pro_content_offers.TestProContentLibrary" name="test_06_update_content_item" time="0.604" /><testcase classname="backend.tests.test_pro_content_offers.TestProOffers" name="test_01_get_offers_list" time="0.465" /><testcase classname="backend.tests.test_pro_content_offers.TestProOffers" name="test_02_create_bundle_offer" time="0.470" /><testcase classname="backend.tests.test_pro_content_offers.TestProOffers" name="test_03_create_subscription_offer" time="0.441" /><testcase classname="backend.tests.test_pro_content_offers.TestProOffers" name="test_04_get_offer_detail" time="0.455" /><testcase classname="backend.tests.test_pro_content_offers.TestProOffers" name="test_05_update_offer" time="0.596" /><testcase classname="backend.tests.test_pro_content_offers.TestProOffers" name="test_06_publish_offer" time="0.446" /><testcase classname="backend.tests.test_pro_content_offers.TestProOffers" name="test_07_get_marketplace_offers" time="0.456" /><testcase classname="backend.tests.test_pro_content_offers.TestProOffers" name="test_08_unpublish_offer" time="0.469" /><testcase classname="backend.tests.test_pro_content_offers.TestCleanup" name="test_99_cleanup_offers" time="0.561" /><testcase classname="backend.tests.test_pro_content_offers.TestCleanup" name="test_99_cleanup_content" time="0.689" /></testsuite></testsuites>