<?xml version="1.0" encoding="utf-8"?><testsuites name="pytest tests"><testsuite name="pytest" errors="0" failures="0" skipped="0" tests="7" time="10.899" timestamp="2026-03-12T22:08:55.199878+00:00" hostname="agent-env-f7c083c4-eb82-4834-833f-058f97792ca6"><testcase classname="backend.tests.test_briefing_translation.TestBriefingTranslation" name="test_briefing_english_default" time="3.995" /><testcase classname="backend.tests.test_briefing_translation.TestBriefingTranslation" name="test_briefing_english_explicit" time="0.127" /><testcase classname="backend.tests.test_briefing_translation.TestBriefingTranslation" name="test_briefing_french" time="0.122" /><testcase classname="backend.tests.test_briefing_translation.TestBriefingTranslation" name="test_briefing_spanish" time="5.482" /><testcase classname="backend.tests.test_briefing_translation.TestBriefingTranslation" name="test_briefing_structure_all_languages" time="0.580" /><testcase classname="backend.tests.test_briefing_translation.TestBriefingTranslation" name="test_briefing_cache_per_language" time="0.417" /><testcase classname="backend.tests.test_briefing_translation.TestBriefingTranslation" name="test_briefing_unauthorized" time="0.107" /></testsuite></testsuites>