<?xml version="1.0" encoding="utf-8"?><testsuites name="pytest tests"><testsuite name="pytest" errors="0" failures="0" skipped="0" tests="11" time="2.246" timestamp="2026-03-11T11:59:57.814481+00:00" hostname="agent-env-010c7555-19e3-4341-8f15-3993f53518e0"><testcase classname="tests.test_catalog_crud.TestCatalogCRUDBugFixes" name="test_01_health_check" time="0.225" /><testcase classname="tests.test_catalog_crud.TestCatalogCRUDBugFixes" name="test_02_login_admin" time="0.472" /><testcase classname="tests.test_catalog_crud.TestCatalogCRUDBugFixes" name="test_03_create_content_item" time="0.119" /><testcase classname="tests.test_catalog_crud.TestCatalogCRUDBugFixes" name="test_04_delete_content_item" time="0.242" /><testcase classname="tests.test_catalog_crud.TestCatalogCRUDBugFixes" name="test_05_create_offer" time="0.111" /><testcase classname="tests.test_catalog_crud.TestCatalogCRUDBugFixes" name="test_06_toggle_publish_on" time="0.118" /><testcase classname="tests.test_catalog_crud.TestCatalogCRUDBugFixes" name="test_07_toggle_publish_off" time="0.115" /><testcase classname="tests.test_catalog_crud.TestCatalogCRUDBugFixes" name="test_08_delete_offer" time="0.217" /><testcase classname="tests.test_catalog_crud.TestCatalogCRUDBugFixes" name="test_09_create_second_offer_for_toggle_verification" time="0.116" /><testcase classname="tests.test_catalog_crud.TestCatalogCRUDBugFixes" name="test_10_verify_full_toggle_cycle" time="0.336" /><testcase classname="tests.test_catalog_crud.TestCatalogCRUDBugFixes" name="test_11_cleanup_second_offer" time="0.104" /></testsuite></testsuites>