<?xml version="1.0" encoding="utf-8"?><testsuites name="pytest tests"><testsuite name="pytest" errors="0" failures="0" skipped="0" tests="10" time="2.224" timestamp="2026-03-12T20:12:20.682266+00:00" hostname="agent-env-36047a17-9b81-4ee5-bccc-3bfb65dfbf9a"><testcase classname="backend.tests.test_bookings_revamp.TestBookingsRevamp" name="test_admin_is_professional" time="0.623" /><testcase classname="backend.tests.test_bookings_revamp.TestBookingsRevamp" name="test_user_is_professional" time="0.505" /><testcase classname="backend.tests.test_bookings_revamp.TestBookingsRevamp" name="test_mentor_get_bookings_endpoint" time="0.126" /><testcase classname="backend.tests.test_bookings_revamp.TestBookingsRevamp" name="test_mentor_get_bookings_with_status_filter" time="0.158" /><testcase classname="backend.tests.test_bookings_revamp.TestBookingsRevamp" name="test_mentor_get_bookings_confirmed_status" time="0.128" /><testcase classname="backend.tests.test_bookings_revamp.TestBookingsRevamp" name="test_client_get_my_bookings" time="0.125" /><testcase classname="backend.tests.test_bookings_revamp.TestBookingsRevamp" name="test_client_get_my_bookings_with_status_filter" time="0.135" /><testcase classname="backend.tests.test_bookings_revamp.TestBookingsRevamp" name="test_update_booking_status_invalid_booking" time="0.127" /><testcase classname="backend.tests.test_bookings_revamp.TestBookingsRevamp" name="test_update_booking_status_invalid_status" time="0.126" /><testcase classname="backend.tests.test_bookings_revamp.TestBookingsRevamp" name="test_user_can_access_mentor_bookings_since_is_pro" time="0.107" /></testsuite></testsuites>