<?xml version="1.0" encoding="utf-8"?><testsuites name="pytest tests"><testsuite name="pytest" errors="0" failures="0" skipped="0" tests="14" time="3.261" timestamp="2026-03-19T22:46:30.327538+00:00" hostname="agent-env-4e111f9d-664a-4bfc-9715-62a8e106366c"><testcase classname="backend.tests.test_marketplace_publish_enriched.TestMarketplaceOffers" name="test_marketplace_offers_returns_200" time="0.250" /><testcase classname="backend.tests.test_marketplace_publish_enriched.TestMarketplaceOffers" name="test_marketplace_offers_have_enriched_pro_info" time="0.146" /><testcase classname="backend.tests.test_marketplace_publish_enriched.TestMarketplaceOffers" name="test_marketplace_offers_only_published" time="0.108" /><testcase classname="backend.tests.test_marketplace_publish_enriched.TestMarketplaceOfferDetail" name="test_get_published_offer_detail" time="0.138" /><testcase classname="backend.tests.test_marketplace_publish_enriched.TestMarketplaceOfferDetail" name="test_unpublished_offer_returns_404" time="0.095" /><testcase classname="backend.tests.test_marketplace_publish_enriched.TestProOfferPublish" name="test_toggle_publish_offer" time="0.811" /><testcase classname="backend.tests.test_marketplace_publish_enriched.TestProOfferPublish" name="test_publish_requires_auth" time="0.102" /><testcase classname="backend.tests.test_marketplace_publish_enriched.TestProDashboard" name="test_pro_dashboard_returns_200" time="0.120" /><testcase classname="backend.tests.test_marketplace_publish_enriched.TestProDashboard" name="test_pro_offers_returns_all_including_unpublished" time="0.144" /><testcase classname="backend.tests.test_marketplace_publish_enriched.TestInfluencerDashboard" name="test_influencer_stats_returns_200" time="0.112" /><testcase classname="backend.tests.test_marketplace_publish_enriched.TestInfluencerDashboard" name="test_influencer_stripe_status_returns_200" time="0.116" /><testcase classname="backend.tests.test_marketplace_publish_enriched.TestInfluencerDashboard" name="test_stripe_connect_returns_error_expected" time="0.372" /><testcase classname="backend.tests.test_marketplace_publish_enriched.TestDataIntegrity" name="test_publish_then_verify_marketplace" time="0.467" /><testcase classname="backend.tests.test_marketplace_publish_enriched.TestDataIntegrity" name="test_unpublish_removes_from_marketplace" time="0.211" /></testsuite></testsuites>