<?xml version="1.0" encoding="utf-8"?><testsuites name="pytest tests"><testsuite name="pytest" errors="0" failures="0" skipped="0" tests="14" time="6.206" timestamp="2026-02-27T22:12:11.133367+00:00" hostname="agent-env-013f52bb-21c0-4c12-ba29-c1300a7bdcd8"><testcase classname="backend.tests.test_reports.TestReportReasons" name="test_get_report_reasons_returns_all_reasons" time="0.196" /><testcase classname="backend.tests.test_reports.TestCreateReport" name="test_create_report_requires_auth" time="0.125" /><testcase classname="backend.tests.test_reports.TestCreateReport" name="test_create_report_success" time="0.799" /><testcase classname="backend.tests.test_reports.TestCreateReport" name="test_create_report_invalid_reason" time="0.778" /><testcase classname="backend.tests.test_reports.TestCreateReport" name="test_cannot_report_self" time="0.598" /><testcase classname="backend.tests.test_reports.TestCreateReport" name="test_cannot_report_nonexistent_user" time="0.456" /><testcase classname="backend.tests.test_reports.TestAdminReports" name="test_get_reports_requires_admin" time="0.098" /><testcase classname="backend.tests.test_reports.TestAdminReports" name="test_get_reports_as_admin" time="0.502" /><testcase classname="backend.tests.test_reports.TestAdminReports" name="test_get_reports_with_status_filter" time="0.454" /><testcase classname="backend.tests.test_reports.TestAdminReports" name="test_get_reports_pagination" time="0.492" /><testcase classname="backend.tests.test_reports.TestReportReview" name="test_review_report_invalid_status" time="0.580" /><testcase classname="backend.tests.test_reports.TestReportReview" name="test_review_report_dismissed" time="0.594" /><testcase classname="backend.tests.test_reports.TestReportReview" name="test_review_nonexistent_report" time="0.469" /><testcase classname="backend.tests.test_reports.TestStripeCommission" name="test_stripe_commission_mentioned_in_code" time="0.000" /></testsuite></testsuites>