<?xml version="1.0" encoding="utf-8"?><testsuites name="pytest tests"><testsuite name="pytest" errors="0" failures="0" skipped="0" tests="11" time="18.676" timestamp="2026-03-12T13:37:43.611167+00:00" hostname="agent-env-99b4c91e-78b3-432c-9120-23be9d8c7332"><testcase classname="backend.tests.test_feedback_briefing.TestFeedbackAPI" name="test_feedback_requires_auth" time="0.135" /><testcase classname="backend.tests.test_feedback_briefing.TestFeedbackAPI" name="test_feedback_submit_testimonial" time="0.397" /><testcase classname="backend.tests.test_feedback_briefing.TestFeedbackAPI" name="test_feedback_submit_improvement" time="0.403" /><testcase classname="backend.tests.test_feedback_briefing.TestFeedbackAPI" name="test_feedback_submit_bug_report" time="0.435" /><testcase classname="backend.tests.test_feedback_briefing.TestFeedbackAPI" name="test_feedback_submit_feature_request" time="0.433" /><testcase classname="backend.tests.test_feedback_briefing.TestDailyBriefingAPI" name="test_daily_briefing_requires_vip" time="0.123" /><testcase classname="backend.tests.test_feedback_briefing.TestDailyBriefingAPI" name="test_daily_briefing_vip_access" time="0.380" /><testcase classname="backend.tests.test_feedback_briefing.TestDailyBriefingAPI" name="test_daily_briefing_has_market_data" time="0.445" /><testcase classname="backend.tests.test_feedback_briefing.TestDailyBriefingAPI" name="test_daily_briefing_has_analysis" time="0.442" /><testcase classname="backend.tests.test_feedback_briefing.TestVIPHubNavigation" name="test_vip_status_endpoint" time="0.409" /><testcase classname="backend.tests.test_feedback_briefing.TestVIPHubNavigation" name="test_vip_crypto_tools" time="15.018" /></testsuite></testsuites>