<?xml version="1.0" encoding="utf-8"?><testsuites name="pytest tests"><testsuite name="pytest" errors="0" failures="0" skipped="0" tests="13" time="31.953" timestamp="2026-02-22T23:18:33.175946+00:00" hostname="agent-env-3a9f3776-28a3-4573-9a29-d0797e35070e"><testcase classname="test_vip_tools_redesign.TestVIPToolsRedesign" name="test_vip_tools_all_endpoint_returns_200" time="3.594" /><testcase classname="test_vip_tools_redesign.TestVIPToolsRedesign" name="test_fear_greed_index_with_history" time="2.914" /><testcase classname="test_vip_tools_redesign.TestVIPToolsRedesign" name="test_btc_eth_prices_with_change_24h" time="3.086" /><testcase classname="test_vip_tools_redesign.TestVIPToolsRedesign" name="test_altcoin_season_with_gainers_losers" time="2.737" /><testcase classname="test_vip_tools_redesign.TestVIPToolsRedesign" name="test_rainbow_chart_with_bands" time="2.666" /><testcase classname="test_vip_tools_redesign.TestVIPToolsRedesign" name="test_bitcoin_halving_countdown" time="3.006" /><testcase classname="test_vip_tools_redesign.TestVIPToolsRedesign" name="test_whale_alerts_etherscan" time="2.863" /><testcase classname="test_vip_tools_redesign.TestVIPToolsRedesign" name="test_liquidations_calculated" time="2.952" /><testcase classname="test_vip_tools_redesign.TestVIPToolsRedesign" name="test_eth_gas_tracker" time="3.015" /><testcase classname="test_vip_tools_redesign.TestVIPToolsRedesign" name="test_unauthorized_access_returns_403" time="0.140" /><testcase classname="test_vip_tools_redesign.TestVIPToolsRedesign" name="test_data_sources_included" time="3.147" /><testcase classname="test_vip_tools_redesign.TestFearGreedStandalone" name="test_fear_greed_standalone_endpoint" time="0.730" /><testcase classname="test_vip_tools_redesign.TestHalvingStandalone" name="test_halving_standalone_endpoint" time="0.981" /></testsuite></testsuites>