<?xml version="1.0" encoding="utf-8"?><testsuites name="pytest tests"><testsuite name="pytest" errors="0" failures="0" skipped="0" tests="18" time="10.907" timestamp="2026-03-12T11:58:48.685021+00:00" hostname="agent-env-7078e32d-b9aa-4fc3-afc3-5952675fa010"><testcase classname="backend.tests.test_vip_academy_courses.TestVIPAcademyAuth" name="test_login_admin_vip" time="0.473" /><testcase classname="backend.tests.test_vip_academy_courses.TestVIPAcademyAuth" name="test_login_vip_user" time="0.367" /><testcase classname="backend.tests.test_vip_academy_courses.TestVIPAcademyCourses" name="test_academy_requires_auth" time="0.135" /><testcase classname="backend.tests.test_vip_academy_courses.TestVIPAcademyCourses" name="test_get_academy_courses" time="0.505" /><testcase classname="backend.tests.test_vip_academy_courses.TestVIPAcademyCourses" name="test_course_has_module_content" time="0.466" /><testcase classname="backend.tests.test_vip_academy_courses.TestVIPAcademyCourses" name="test_course_difficulty_levels" time="0.439" /><testcase classname="backend.tests.test_vip_academy_courses.TestVIPCourseProgress" name="test_progress_requires_auth" time="0.143" /><testcase classname="backend.tests.test_vip_academy_courses.TestVIPCourseProgress" name="test_update_course_progress" time="0.544" /><testcase classname="backend.tests.test_vip_academy_courses.TestVIPCourseProgress" name="test_progress_persists_in_course_list" time="0.560" /><testcase classname="backend.tests.test_vip_academy_courses.TestVIPCourseProgress" name="test_complete_course_100_percent" time="0.557" /><testcase classname="backend.tests.test_vip_academy_courses.TestVIPCourseProgress" name="test_module_by_module_progress" time="0.570" /><testcase classname="backend.tests.test_vip_academy_courses.TestVIPLandingPage" name="test_get_vip_features_public" time="0.104" /><testcase classname="backend.tests.test_vip_academy_courses.TestVIPLandingPage" name="test_vip_status_authenticated" time="0.487" /><testcase classname="backend.tests.test_vip_academy_courses.TestVIPHubTabNavigation" name="test_tools_endpoint" time="3.567" /><testcase classname="backend.tests.test_vip_academy_courses.TestVIPHubTabNavigation" name="test_alerts_endpoint" time="0.460" /><testcase classname="backend.tests.test_vip_academy_courses.TestVIPHubTabNavigation" name="test_wallet_endpoint" time="0.494" /><testcase classname="backend.tests.test_vip_academy_courses.TestVIPHubTabNavigation" name="test_achievements_endpoint" time="0.493" /><testcase classname="backend.tests.test_vip_academy_courses.TestVIPHubTabNavigation" name="test_social_feed_endpoint" time="0.456" /></testsuite></testsuites>