<?xml version="1.0" encoding="utf-8"?><testsuites name="pytest tests"><testsuite name="pytest" errors="0" failures="0" skipped="0" tests="13" time="3.659" timestamp="2026-02-22T01:21:03.009837+00:00" hostname="agent-env-2fcf8a89-02d3-49cf-8278-46437fc159f7"><testcase classname="backend.tests.test_vip_features.TestVIPFeatures" name="test_get_vip_features_returns_200" time="0.138" /><testcase classname="backend.tests.test_vip_features.TestVIPFeatures" name="test_get_vip_features_structure" time="0.108" /><testcase classname="backend.tests.test_vip_features.TestVIPFeatures" name="test_get_vip_features_count" time="0.169" /><testcase classname="backend.tests.test_vip_features.TestVIPFeatures" name="test_get_vip_features_content" time="0.148" /><testcase classname="backend.tests.test_vip_features.TestVIPStatus" name="test_get_vip_status_requires_auth" time="0.155" /><testcase classname="backend.tests.test_vip_features.TestVIPStatus" name="test_get_vip_status_authenticated" time="0.462" /><testcase classname="backend.tests.test_vip_features.TestVIPStatus" name="test_get_vip_status_non_vip_user" time="0.106" /><testcase classname="backend.tests.test_vip_features.TestVIPCheckout" name="test_create_checkout_requires_auth" time="0.118" /><testcase classname="backend.tests.test_vip_features.TestVIPCheckout" name="test_create_checkout_authenticated" time="0.640" /><testcase classname="backend.tests.test_vip_features.TestVIPCheckout" name="test_create_checkout_returns_valid_stripe_url" time="0.487" /><testcase classname="backend.tests.test_vip_features.TestPaymentTransactionsCollection" name="test_checkout_creates_transaction_record" time="0.809" /><testcase classname="backend.tests.test_vip_features.TestVIPStatusEndpointResponses" name="test_invalid_token_returns_401" time="0.122" /><testcase classname="backend.tests.test_vip_features.TestVIPStatusEndpointResponses" name="test_expired_token_format_returns_401" time="0.130" /></testsuite></testsuites>