<?xml version="1.0" encoding="utf-8"?><testsuites name="pytest tests"><testsuite name="pytest" errors="0" failures="0" skipped="0" tests="24" time="18.589" timestamp="2026-03-23T21:36:38.963391+00:00" hostname="agent-env-8e203573-2d9c-4bdf-8351-262143b3f4f9"><testcase classname="backend.tests.test_apple_submission.TestAuthenticationFlows" name="test_apple_reviewer_login" time="0.462" /><testcase classname="backend.tests.test_apple_submission.TestAuthenticationFlows" name="test_vip_mentor_login" time="0.372" /><testcase classname="backend.tests.test_apple_submission.TestAuthenticationFlows" name="test_get_me_endpoint" time="0.629" /><testcase classname="backend.tests.test_apple_submission.TestHomePage" name="test_crypto_prices" time="0.234" /><testcase classname="backend.tests.test_apple_submission.TestHomePage" name="test_crypto_chart" time="0.180" /><testcase classname="backend.tests.test_apple_submission.TestHomePage" name="test_news_endpoint" time="0.297" /><testcase classname="backend.tests.test_apple_submission.TestMarketplace" name="test_marketplace_offers_list" time="0.182" /><testcase classname="backend.tests.test_apple_submission.TestMarketplace" name="test_marketplace_offer_detail" time="0.112" /><testcase classname="backend.tests.test_apple_submission.TestMarketplace" name="test_marketplace_purchase_creates_checkout" time="1.100" /><testcase classname="backend.tests.test_apple_submission.TestVIPHub" name="test_vip_academy_courses" time="0.447" /><testcase classname="backend.tests.test_apple_submission.TestVIPHub" name="test_vip_social_posts" time="0.456" /><testcase classname="backend.tests.test_apple_submission.TestVIPHub" name="test_vip_tools" time="2.832" /><testcase classname="backend.tests.test_apple_submission.TestVIPHub" name="test_vip_features_list" time="0.467" /><testcase classname="backend.tests.test_apple_submission.TestVIPHub" name="test_vip_wallet_balance" time="0.721" /><testcase classname="backend.tests.test_apple_submission.TestCommunity" name="test_community_posts" time="0.139" /><testcase classname="backend.tests.test_apple_submission.TestCommunity" name="test_community_categories" time="0.125" /><testcase classname="backend.tests.test_apple_submission.TestNews" name="test_news_articles" time="0.287" /><testcase classname="backend.tests.test_apple_submission.TestAIAssistant" name="test_ai_ask_endpoint" time="6.890" /><testcase classname="backend.tests.test_apple_submission.TestSettings" name="test_settings_legal_links" time="0.120" /><testcase classname="backend.tests.test_apple_submission.TestNotifications" name="test_notifications_history" time="0.439" /><testcase classname="backend.tests.test_apple_submission.TestProCatalog" name="test_pro_catalog" time="0.120" /><testcase classname="backend.tests.test_apple_submission.TestAdminPanel" name="test_admin_users_list" time="0.869" /><testcase classname="backend.tests.test_apple_submission.TestWelcomeReviewPage" name="test_apple_reviewer_badges" time="0.378" /><testcase classname="backend.tests.test_apple_submission.TestVIPAcademyProgress" name="test_academy_course_progress" time="0.600" /></testsuite></testsuites>