<?xml version="1.0" encoding="utf-8"?><testsuites name="pytest tests"><testsuite name="pytest" errors="0" failures="0" skipped="1" tests="13" time="1.340" timestamp="2026-03-05T07:48:26.643404+00:00" hostname="agent-env-a3e0a7f4-c7a2-4ffb-b341-118d54ccb0d8"><testcase classname="backend.tests.test_booking_availability.TestAvailableSlotsAPI" name="test_get_slots_for_valid_date" time="0.294" /><testcase classname="backend.tests.test_booking_availability.TestAvailableSlotsAPI" name="test_get_slots_for_weekend_day" time="0.051" /><testcase classname="backend.tests.test_booking_availability.TestAvailableSlotsAPI" name="test_get_slots_invalid_date_format" time="0.056" /><testcase classname="backend.tests.test_booking_availability.TestAvailableSlotsAPI" name="test_get_slots_past_date" time="0.054" /><testcase classname="backend.tests.test_booking_availability.TestAvailableSlotsAPI" name="test_get_slots_invalid_service_id" time="0.051" /><testcase classname="backend.tests.test_booking_availability.TestAvailableSlotsAPI" name="test_slots_30_minute_intervals" time="0.058" /><testcase classname="backend.tests.test_booking_availability.TestBookingCreation" name="test_create_booking_success" time="0.323"><skipped type="pytest.skip" message="No available slots to test booking creation">/app/backend/tests/test_booking_availability.py:164: No available slots to test booking creation</skipped></testcase><testcase classname="backend.tests.test_booking_availability.TestBookingCreation" name="test_create_booking_requires_auth" time="0.048" /><testcase classname="backend.tests.test_booking_availability.TestProDashboardServices" name="test_pro_dashboard_requires_auth" time="0.048" /><testcase classname="backend.tests.test_booking_availability.TestProDashboardServices" name="test_get_pro_services" time="0.050" /><testcase classname="backend.tests.test_booking_availability.TestProfessionalProfile" name="test_get_professional_by_id" time="0.052" /><testcase classname="backend.tests.test_booking_availability.TestProfessionalProfile" name="test_list_professionals" time="0.052" /><testcase classname="backend.tests.test_booking_availability.TestServiceAvailabilityIntegration" name="test_full_booking_flow" time="0.112" /></testsuite></testsuites>