<?xml version="1.0" encoding="utf-8"?><testsuites name="pytest tests"><testsuite name="pytest" errors="0" failures="0" skipped="0" tests="18" time="24.426" timestamp="2026-02-22T23:30:54.622635+00:00" hostname="agent-env-3a9f3776-28a3-4573-9a29-d0797e35070e"><testcase classname="backend.tests.test_vip_alerts.TestVIPAlertsAPI" name="test_get_available_cryptos_returns_20_cryptos" time="0.882" /><testcase classname="backend.tests.test_vip_alerts.TestVIPAlertsAPI" name="test_available_cryptos_contains_expected_symbols" time="0.664" /><testcase classname="backend.tests.test_vip_alerts.TestVIPAlertsAPI" name="test_available_cryptos_structure" time="0.617" /><testcase classname="backend.tests.test_vip_alerts.TestVIPAlertsAPI" name="test_create_alert_success" time="0.589" /><testcase classname="backend.tests.test_vip_alerts.TestVIPAlertsAPI" name="test_create_alert_price_below" time="0.579" /><testcase classname="backend.tests.test_vip_alerts.TestVIPAlertsAPI" name="test_create_alert_with_notification_method" time="0.768" /><testcase classname="backend.tests.test_vip_alerts.TestVIPAlertsAPI" name="test_get_user_alerts" time="0.680" /><testcase classname="backend.tests.test_vip_alerts.TestVIPAlertsAPI" name="test_get_alerts_returns_created_alert" time="0.910" /><testcase classname="backend.tests.test_vip_alerts.TestVIPAlertsAPI" name="test_delete_alert_success" time="0.754" /><testcase classname="backend.tests.test_vip_alerts.TestVIPAlertsAPI" name="test_delete_alert_removes_from_list" time="0.953" /><testcase classname="backend.tests.test_vip_alerts.TestVIPAlertsAPI" name="test_delete_nonexistent_alert_returns_404" time="0.584" /><testcase classname="backend.tests.test_vip_alerts.TestVIPAlertsAPI" name="test_alerts_cryptos_requires_vip" time="0.730" /><testcase classname="backend.tests.test_vip_alerts.TestVIPAlertsAPI" name="test_create_alert_requires_vip" time="0.587" /><testcase classname="backend.tests.test_vip_alerts.TestCryptoToolsStillWorking" name="test_crypto_tools_all_endpoint" time="3.906" /><testcase classname="backend.tests.test_vip_alerts.TestCryptoToolsStillWorking" name="test_fear_greed_index" time="3.730" /><testcase classname="backend.tests.test_vip_alerts.TestCryptoToolsStillWorking" name="test_btc_dominance" time="3.669" /><testcase classname="backend.tests.test_vip_alerts.TestCryptoToolsStillWorking" name="test_halving_countdown" time="3.568" /><testcase classname="backend.tests.test_vip_alerts.TestNoCopyTradingInMenu" name="test_vip_features_endpoint_no_copy_trading" time="0.131" /></testsuite></testsuites>