<?xml version="1.0" encoding="utf-8"?><testsuites name="pytest tests"><testsuite name="pytest" errors="0" failures="0" skipped="0" tests="13" time="4.180" timestamp="2026-02-22T01:03:00.898670+00:00" hostname="agent-env-2fcf8a89-02d3-49cf-8278-46437fc159f7"><testcase classname="backend.tests.test_news_features.TestNewsAPI" name="test_get_news_success" time="0.893" /><testcase classname="backend.tests.test_news_features.TestNewsAPI" name="test_get_news_with_category_macro" time="0.842" /><testcase classname="backend.tests.test_news_features.TestNewsAPI" name="test_get_news_with_category_technologie" time="0.279" /><testcase classname="backend.tests.test_news_features.TestNewsAPI" name="test_get_news_with_category_regulation" time="0.268" /><testcase classname="backend.tests.test_news_features.TestNewsAPI" name="test_news_item_has_impact_field" time="0.333" /><testcase classname="backend.tests.test_news_features.TestNewsAPI" name="test_news_item_has_impact_reason" time="0.264" /><testcase classname="backend.tests.test_news_features.TestNewsAPI" name="test_news_pagination" time="0.542" /><testcase classname="backend.tests.test_news_features.TestTrendingNewsAPI" name="test_get_trending_news_success" time="0.106" /><testcase classname="backend.tests.test_news_features.TestTrendingNewsAPI" name="test_trending_news_structure" time="0.126" /><testcase classname="backend.tests.test_news_features.TestTrendingNewsAPI" name="test_trending_news_has_impact_reason" time="0.105" /><testcase classname="backend.tests.test_news_features.TestFlashNewsAPI" name="test_get_flash_news_success" time="0.115" /><testcase classname="backend.tests.test_news_features.TestFlashNewsAPI" name="test_flash_news_structure" time="0.114" /><testcase classname="backend.tests.test_news_features.TestFlashNewsAPI" name="test_flash_news_has_impact" time="0.120" /></testsuite></testsuites>