<?xml version="1.0" encoding="utf-8"?><testsuites name="pytest tests"><testsuite name="pytest" errors="0" failures="2" skipped="0" tests="10" time="5.365" timestamp="2026-03-12T17:06:11.504885+00:00" hostname="agent-env-99b4c91e-78b3-432c-9120-23be9d8c7332"><testcase classname="backend.tests.test_admin_feedback_marketplace.TestAdminFeedbackAPI" name="test_get_feedback_requires_admin" time="0.793"><failure message="AssertionError: Expected 403 for non-admin, got 200: {&quot;success&quot;:true,&quot;data&quot;:[{&quot;id&quot;:&quot;ef86f740-7fe9-4b0e-91f6-c3285a328af5&quot;,&quot;type&quot;:&quot;testimonial&quot;,&quot;message&quot;:&quot;testt&quot;,&quot;rating&quot;:0,&quot;user_id&quot;:&quot;3022d23d-11a1-4fbb-849a-0cddb379d65f&quot;,&quot;user_email&quot;:&quot;jcuradeau.7@gmail.com&quot;,&quot;user_name&quot;:&quot;Mike price&quot;,&quot;status&quot;:&quot;new&quot;,&quot;created_at&quot;:&quot;2026-03-12T16:56:27.867976+00:00&quot;},{&quot;id&quot;:&quot;c369c5d2-1c26-4236-8027-370d27b91a97&quot;,&quot;type&quot;:&quot;feature&quot;,&quot;message&quot;:&quot;TEST_Add portfolio tracking across multiple exchanges&quot;,&quot;rating&quot;:null,&quot;user_id&quot;:&quot;3022d23d-11a1-4fbb-849a-0cddb379d65f&quot;,&quot;user_email&quot;:&quot;jcuradeau.7@gmail.com&quot;,&quot;user_name&quot;:&quot;Mike price&quot;,&quot;status&quot;:&quot;new&quot;,&quot;created_at&quot;:&quot;2026-03-12T13:37:45.446287+00:00&quot;},{&quot;id&quot;:&quot;89a1681f-cdbf-40a3-80ed-feef64360b4d&quot;,&quot;type&quot;:&quot;bug&quot;,&quot;message&quot;:&quot;TEST_Button on home screen doesn't respond on first click&quot;,&quot;rating&quot;:null,&quot;user_id&quot;:&quot;3022d23d-11a1-4fbb-849a-0cddb379d65f&quot;,&quot;user_email&quot;:&quot;jcuradeau.7@gmail.com&quot;,&quot;user_name&quot;:&quot;Mike price&quot;,&quot;status&quot;:&quot;new&quot;,&quot;created_at&quot;:&quot;2026-03-12T13:37:45.015218+00:00&quot;},{&quot;id&quot;:&quot;9f97b849-0ce3-4a8e-8693-5d7b6c3b04d4&quot;,&quot;type&quot;:&quot;improvement&quot;,&quot;message&quot;:&quot;TEST_Would love to see more charts in the market view&quot;,&quot;rating&quot;:null,&quot;user_id&quot;:&quot;3022d23d-11a1-4fbb-849a-0cddb379d65f&quot;,&quot;user_email&quot;:&quot;jcuradeau.7@gmail.com&quot;,&quot;user_name&quot;:&quot;Mike price&quot;,&quot;status&quot;:&quot;new&quot;,&quot;created_at&quot;:&quot;2026-03-12T13:37:44.579102+00:00&quot;},{&quot;id&quot;:&quot;d6ef4bfb-dfa2-4eb7-b20a-50fc7a11f777&quot;,&quot;type&quot;:&quot;testimonial&quot;,&quot;message&quot;:&quot;TEST_Great app for learning crypto! Very intuitive.&quot;,&quot;rating&quot;:5,&quot;user_id&quot;:&quot;3022d23d-11a1-4fbb-849a-0cddb379d65f&quot;,&quot;user_email&quot;:&quot;jcuradeau.7@gmail.com&quot;,&quot;user_name&quot;:&quot;Mike price&quot;,&quot;status&quot;:&quot;new&quot;,&quot;created_at&quot;:&quot;2026-03-12T13:37:44.175423+00:00&quot;},{&quot;id&quot;:&quot;e6a4f390-ccfc-4b95-83db-fbdda9d06301&quot;,&quot;type&quot;:&quot;testimonial&quot;,&quot;message&quot;:&quot;TEST_UI: Excellent app for crypto tracking! The VIP features are amazing.&quot;,&quot;rating&quot;:0,&quot;user_id&quot;:&quot;3022d23d-11a1-4fbb-849a-0cddb379d65f&quot;,&quot;user_email&quot;:&quot;jcuradeau.7@gmail.com&quot;,&quot;user_name&quot;:&quot;Mike price&quot;,&quot;status&quot;:&quot;new&quot;,&quot;created_at&quot;:&quot;2026-03-12T13:36:56.560936+00:00&quot;},{&quot;id&quot;:&quot;24303910-1a51-473e-9fd1-576a1e3940b1&quot;,&quot;type&quot;:&quot;feature&quot;,&quot;message&quot;:&quot;TEST_Add portfolio tracking across multiple exchanges&quot;,&quot;rating&quot;:null,&quot;user_id&quot;:&quot;3022d23d-11a1-4fbb-849a-0cddb379d65f&quot;,&quot;user_email&quot;:&quot;jcuradeau.7@gmail.com&quot;,&quot;user_name&quot;:&quot;Mike price&quot;,&quot;status&quot;:&quot;new&quot;,&quot;created_at&quot;:&quot;2026-03-12T13:34:28.712389+00:00&quot;},{&quot;id&quot;:&quot;f6c7ad98-c193-454b-9ee7-1e184e35bdb2&quot;,&quot;type&quot;:&quot;bug&quot;,&quot;message&quot;:&quot;TEST_Button on home screen doesn't respond on first click&quot;,&quot;rating&quot;:null,&quot;user_id&quot;:&quot;3022d23d-11a1-4fbb-849a-0cddb379d65f&quot;,&quot;user_email&quot;:&quot;jcuradeau.7@gmail.com&quot;,&quot;user_name&quot;:&quot;Mike price&quot;,&quot;status&quot;:&quot;new&quot;,&quot;created_at&quot;:&quot;2026-03-12T13:34:28.321529+00:00&quot;},{&quot;id&quot;:&quot;40650b77-6b48-4a02-9996-fa1470c7799e&quot;,&quot;type&quot;:&quot;improvement&quot;,&quot;message&quot;:&quot;TEST_Would love to see more charts in the market view&quot;,&quot;rating&quot;:null,&quot;user_id&quot;:&quot;3022d23d-11a1-4fbb-849a-0cddb379d65f&quot;,&quot;user_email&quot;:&quot;jcuradeau.7@gmail.com&quot;,&quot;user_name&quot;:&quot;Mike price&quot;,&quot;status&quot;:&quot;new&quot;,&quot;created_at&quot;:&quot;2026-03-12T13:34:27.893647+00:00&quot;},{&quot;id&quot;:&quot;39e3e4c6-a332-4f25-8787-885278b0eb11&quot;,&quot;type&quot;:&quot;testimonial&quot;,&quot;message&quot;:&quot;TEST_Great app for learning crypto! Very intuitive.&quot;,&quot;rating&quot;:5,&quot;user_id&quot;:&quot;3022d23d-11a1-4fbb-849a-0cddb379d65f&quot;,&quot;user_email&quot;:&quot;jcuradeau.7@gmail.com&quot;,&quot;user_name&quot;:&quot;Mike price&quot;,&quot;status&quot;:&quot;new&quot;,&quot;created_at&quot;:&quot;2026-03-12T13:34:27.432334+00:00&quot;},{&quot;id&quot;:&quot;3387da4b-01c9-43a2-9a46-2d6455818b2b&quot;,&quot;type&quot;:&quot;feature&quot;,&quot;message&quot;:&quot;TEST_Add portfolio tracking across multiple exchanges&quot;,&quot;rating&quot;:null,&quot;user_id&quot;:&quot;3022d23d-11a1-4fbb-849a-0cddb379d65f&quot;,&quot;user_email&quot;:&quot;jcuradeau.7@gmail.com&quot;,&quot;user_name&quot;:&quot;Mike price&quot;,&quot;status&quot;:&quot;new&quot;,&quot;created_at&quot;:&quot;2026-03-12T13:34:05.606944+00:00&quot;},{&quot;id&quot;:&quot;7b76cf8d-a106-4e9d-8b90-9b384d750685&quot;,&quot;type&quot;:&quot;bug&quot;,&quot;message&quot;:&quot;TEST_Button on home screen doesn't respond on first click&quot;,&quot;rating&quot;:null,&quot;user_id&quot;:&quot;3022d23d-11a1-4fbb-849a-0cddb379d65f&quot;,&quot;user_email&quot;:&quot;jcuradeau.7@gmail.com&quot;,&quot;user_name&quot;:&quot;Mike price&quot;,&quot;status&quot;:&quot;new&quot;,&quot;created_at&quot;:&quot;2026-03-12T13:34:05.101492+00:00&quot;},{&quot;id&quot;:&quot;ec17be5d-61f5-422f-a758-77a05002db00&quot;,&quot;type&quot;:&quot;improvement&quot;,&quot;message&quot;:&quot;TEST_Would love to see more charts in the market view&quot;,&quot;rating&quot;:null,&quot;user_id&quot;:&quot;3022d23d-11a1-4fbb-849a-0cddb379d65f&quot;,&quot;user_email&quot;:&quot;jcuradeau.7@gmail.com&quot;,&quot;user_name&quot;:&quot;Mike price&quot;,&quot;status&quot;:&quot;new&quot;,&quot;created_at&quot;:&quot;2026-03-12T13:34:04.711846+00:00&quot;},{&quot;id&quot;:&quot;d3ff73df-4c40-4a0b-aa30-e9e5d44d76b3&quot;,&quot;type&quot;:&quot;testimonial&quot;,&quot;message&quot;:&quot;TEST_Great app for learning crypto! Very intuitive.&quot;,&quot;rating&quot;:5,&quot;user_id&quot;:&quot;3022d23d-11a1-4fbb-849a-0cddb379d65f&quot;,&quot;user_email&quot;:&quot;jcuradeau.7@gmail.com&quot;,&quot;user_name&quot;:&quot;Mike price&quot;,&quot;status&quot;:&quot;new&quot;,&quot;created_at&quot;:&quot;2026-03-12T13:34:04.294160+00:00&quot;},{&quot;id&quot;:&quot;e31f6485-5f3f-4a42-a98a-cda72ddfd96e&quot;,&quot;type&quot;:&quot;testimonial&quot;,&quot;message&quot;:&quot;Test feedback&quot;,&quot;rating&quot;:5,&quot;user_id&quot;:&quot;eeab76cb-59a4-4642-82c1-694c348a5fe3&quot;,&quot;user_email&quot;:&quot;admin@cryptonai.com&quot;,&quot;user_name&quot;:&quot;Super Admin&quot;,&quot;status&quot;:&quot;new&quot;,&quot;created_at&quot;:&quot;2026-03-12T13:27:22.768852+00:00&quot;}],&quot;total&quot;:15,&quot;new_count&quot;:15}&#10;assert 200 == 403&#10; +  where 200 = &lt;Response [200]&gt;.status_code">backend/tests/test_admin_feedback_marketplace.py:60: in test_get_feedback_requires_admin
    assert response.status_code == 403, f"Expected 403 for non-admin, got {response.status_code}: {response.text}"
E   AssertionError: Expected 403 for non-admin, got 200: {"success":true,"data":[{"id":"ef86f740-7fe9-4b0e-91f6-c3285a328af5","type":"testimonial","message":"testt","rating":0,"user_id":"3022d23d-11a1-4fbb-849a-0cddb379d65f","user_email":"jcuradeau.7@gmail.com","user_name":"Mike price","status":"new","created_at":"2026-03-12T16:56:27.867976+00:00"},{"id":"c369c5d2-1c26-4236-8027-370d27b91a97","type":"feature","message":"TEST_Add portfolio tracking across multiple exchanges","rating":null,"user_id":"3022d23d-11a1-4fbb-849a-0cddb379d65f","user_email":"jcuradeau.7@gmail.com","user_name":"Mike price","status":"new","created_at":"2026-03-12T13:37:45.446287+00:00"},{"id":"89a1681f-cdbf-40a3-80ed-feef64360b4d","type":"bug","message":"TEST_Button on home screen doesn't respond on first click","rating":null,"user_id":"3022d23d-11a1-4fbb-849a-0cddb379d65f","user_email":"jcuradeau.7@gmail.com","user_name":"Mike price","status":"new","created_at":"2026-03-12T13:37:45.015218+00:00"},{"id":"9f97b849-0ce3-4a8e-8693-5d7b6c3b04d4","type":"improvement","message":"TEST_Would love to see more charts in the market view","rating":null,"user_id":"3022d23d-11a1-4fbb-849a-0cddb379d65f","user_email":"jcuradeau.7@gmail.com","user_name":"Mike price","status":"new","created_at":"2026-03-12T13:37:44.579102+00:00"},{"id":"d6ef4bfb-dfa2-4eb7-b20a-50fc7a11f777","type":"testimonial","message":"TEST_Great app for learning crypto! Very intuitive.","rating":5,"user_id":"3022d23d-11a1-4fbb-849a-0cddb379d65f","user_email":"jcuradeau.7@gmail.com","user_name":"Mike price","status":"new","created_at":"2026-03-12T13:37:44.175423+00:00"},{"id":"e6a4f390-ccfc-4b95-83db-fbdda9d06301","type":"testimonial","message":"TEST_UI: Excellent app for crypto tracking! The VIP features are amazing.","rating":0,"user_id":"3022d23d-11a1-4fbb-849a-0cddb379d65f","user_email":"jcuradeau.7@gmail.com","user_name":"Mike price","status":"new","created_at":"2026-03-12T13:36:56.560936+00:00"},{"id":"24303910-1a51-473e-9fd1-576a1e3940b1","type":"feature","message":"TEST_Add portfolio tracking across multiple exchanges","rating":null,"user_id":"3022d23d-11a1-4fbb-849a-0cddb379d65f","user_email":"jcuradeau.7@gmail.com","user_name":"Mike price","status":"new","created_at":"2026-03-12T13:34:28.712389+00:00"},{"id":"f6c7ad98-c193-454b-9ee7-1e184e35bdb2","type":"bug","message":"TEST_Button on home screen doesn't respond on first click","rating":null,"user_id":"3022d23d-11a1-4fbb-849a-0cddb379d65f","user_email":"jcuradeau.7@gmail.com","user_name":"Mike price","status":"new","created_at":"2026-03-12T13:34:28.321529+00:00"},{"id":"40650b77-6b48-4a02-9996-fa1470c7799e","type":"improvement","message":"TEST_Would love to see more charts in the market view","rating":null,"user_id":"3022d23d-11a1-4fbb-849a-0cddb379d65f","user_email":"jcuradeau.7@gmail.com","user_name":"Mike price","status":"new","created_at":"2026-03-12T13:34:27.893647+00:00"},{"id":"39e3e4c6-a332-4f25-8787-885278b0eb11","type":"testimonial","message":"TEST_Great app for learning crypto! Very intuitive.","rating":5,"user_id":"3022d23d-11a1-4fbb-849a-0cddb379d65f","user_email":"jcuradeau.7@gmail.com","user_name":"Mike price","status":"new","created_at":"2026-03-12T13:34:27.432334+00:00"},{"id":"3387da4b-01c9-43a2-9a46-2d6455818b2b","type":"feature","message":"TEST_Add portfolio tracking across multiple exchanges","rating":null,"user_id":"3022d23d-11a1-4fbb-849a-0cddb379d65f","user_email":"jcuradeau.7@gmail.com","user_name":"Mike price","status":"new","created_at":"2026-03-12T13:34:05.606944+00:00"},{"id":"7b76cf8d-a106-4e9d-8b90-9b384d750685","type":"bug","message":"TEST_Button on home screen doesn't respond on first click","rating":null,"user_id":"3022d23d-11a1-4fbb-849a-0cddb379d65f","user_email":"jcuradeau.7@gmail.com","user_name":"Mike price","status":"new","created_at":"2026-03-12T13:34:05.101492+00:00"},{"id":"ec17be5d-61f5-422f-a758-77a05002db00","type":"improvement","message":"TEST_Would love to see more charts in the market view","rating":null,"user_id":"3022d23d-11a1-4fbb-849a-0cddb379d65f","user_email":"jcuradeau.7@gmail.com","user_name":"Mike price","status":"new","created_at":"2026-03-12T13:34:04.711846+00:00"},{"id":"d3ff73df-4c40-4a0b-aa30-e9e5d44d76b3","type":"testimonial","message":"TEST_Great app for learning crypto! Very intuitive.","rating":5,"user_id":"3022d23d-11a1-4fbb-849a-0cddb379d65f","user_email":"jcuradeau.7@gmail.com","user_name":"Mike price","status":"new","created_at":"2026-03-12T13:34:04.294160+00:00"},{"id":"e31f6485-5f3f-4a42-a98a-cda72ddfd96e","type":"testimonial","message":"Test feedback","rating":5,"user_id":"eeab76cb-59a4-4642-82c1-694c348a5fe3","user_email":"admin@cryptonai.com","user_name":"Super Admin","status":"new","created_at":"2026-03-12T13:27:22.768852+00:00"}],"total":15,"new_count":15}
E   assert 200 == 403
E    +  where 200 = &lt;Response [200]&gt;.status_code</failure></testcase><testcase classname="backend.tests.test_admin_feedback_marketplace.TestAdminFeedbackAPI" name="test_get_feedback_as_admin" time="0.499" /><testcase classname="backend.tests.test_admin_feedback_marketplace.TestAdminFeedbackAPI" name="test_feedback_list_structure" time="0.612" /><testcase classname="backend.tests.test_admin_feedback_marketplace.TestAdminFeedbackAPI" name="test_patch_feedback_status_toggle" time="0.767" /><testcase classname="backend.tests.test_admin_feedback_marketplace.TestAdminFeedbackAPI" name="test_patch_feedback_not_found" time="0.511" /><testcase classname="backend.tests.test_admin_feedback_marketplace.TestAdminFeedbackAPI" name="test_patch_feedback_requires_admin" time="0.541"><failure message="AssertionError: Expected 403, got 404&#10;assert 404 == 403&#10; +  where 404 = &lt;Response [404]&gt;.status_code">backend/tests/test_admin_feedback_marketplace.py:180: in test_patch_feedback_requires_admin
    assert response.status_code == 403, f"Expected 403, got {response.status_code}"
E   AssertionError: Expected 403, got 404
E   assert 404 == 403
E    +  where 404 = &lt;Response [404]&gt;.status_code</failure></testcase><testcase classname="backend.tests.test_admin_feedback_marketplace.TestAdminFeedbackAPI" name="test_filter_feedback_by_type" time="0.561" /><testcase classname="backend.tests.test_admin_feedback_marketplace.TestAdminFeedbackAPI" name="test_filter_feedback_by_status" time="0.564" /><testcase classname="backend.tests.test_admin_feedback_marketplace.TestMarketplaceProName" name="test_marketplace_offers_have_pro_name" time="0.116" /><testcase classname="backend.tests.test_admin_feedback_marketplace.TestMarketplaceProName" name="test_marketplace_offer_detail_has_pro_name" time="0.307" /></testsuite></testsuites>