<?xml version="1.0" encoding="utf-8"?><testsuites name="pytest tests"><testsuite name="pytest" errors="0" failures="0" skipped="3" tests="14" time="8.897" timestamp="2026-02-22T03:45:36.990732+00:00" hostname="agent-env-f02fa84b-f8ec-44f2-92d5-e0d0c3a5eb67"><testcase classname="tests.test_vip_interactive_features.TestVIPInteractiveFeatures" name="test_smart_money_returns_whale_transactions" time="0.601" /><testcase classname="tests.test_vip_interactive_features.TestVIPInteractiveFeatures" name="test_smart_money_whale_history_simulation" time="0.553" /><testcase classname="tests.test_vip_interactive_features.TestVIPInteractiveFeatures" name="test_copy_trading_returns_trader_list" time="0.576" /><testcase classname="tests.test_vip_interactive_features.TestVIPInteractiveFeatures" name="test_copy_trading_trader_detail_fields" time="0.460" /><testcase classname="tests.test_vip_interactive_features.TestVIPInteractiveFeatures" name="test_copy_trading_follow_unfollow" time="0.876" /><testcase classname="tests.test_vip_interactive_features.TestVIPInteractiveFeatures" name="test_academy_returns_courses" time="0.455" /><testcase classname="tests.test_vip_interactive_features.TestVIPInteractiveFeatures" name="test_academy_course_detail_fields" time="0.428" /><testcase classname="tests.test_vip_interactive_features.TestVIPAPIAccessControl" name="test_smart_money_403_for_non_vip" time="0.343"><skipped type="pytest.skip" message="Non-VIP test user not available - skipping access control tests">/app/backend/tests/test_vip_interactive_features.py:231: Non-VIP test user not available - skipping access control tests</skipped></testcase><testcase classname="tests.test_vip_interactive_features.TestVIPAPIAccessControl" name="test_copy_trading_403_for_non_vip" time="0.445"><skipped type="pytest.skip" message="Non-VIP test user not available - skipping access control tests">/app/backend/tests/test_vip_interactive_features.py:236: Non-VIP test user not available - skipping access control tests</skipped></testcase><testcase classname="tests.test_vip_interactive_features.TestVIPAPIAccessControl" name="test_academy_403_for_non_vip" time="0.657"><skipped type="pytest.skip" message="Non-VIP test user not available - skipping access control tests">/app/backend/tests/test_vip_interactive_features.py:241: Non-VIP test user not available - skipping access control tests</skipped></testcase><testcase classname="tests.test_vip_interactive_features.TestProfileAndMessagesNavigation" name="test_messages_conversations_endpoint" time="1.096" /><testcase classname="tests.test_vip_interactive_features.TestProfileAndMessagesNavigation" name="test_profile_my_profile_endpoint" time="0.907" /><testcase classname="tests.test_vip_interactive_features.TestProfileAndMessagesNavigation" name="test_profile_user_by_id_endpoint" time="0.872" /><testcase classname="tests.test_vip_interactive_features.TestCommunityAuthorNavigation" name="test_community_posts_have_author_id" time="0.527" /></testsuite></testsuites>