<?xml version="1.0" encoding="utf-8"?><testsuites name="pytest tests"><testsuite name="pytest" errors="0" failures="0" skipped="1" tests="12" time="3.301" timestamp="2026-03-09T02:02:55.744935+00:00" hostname="agent-env-9eaad29d-8c3e-43c4-8b0f-9e407f55d3a4"><testcase classname="backend.tests.test_session_live_flow.TestSessionLiveFlow" name="test_01_pro_login_and_check_status" time="1.226" /><testcase classname="backend.tests.test_session_live_flow.TestSessionLiveFlow" name="test_02_create_session_live_content_with_meeting_link" time="0.151" /><testcase classname="backend.tests.test_session_live_flow.TestSessionLiveFlow" name="test_03_get_content_library_and_verify_meeting_link" time="0.117" /><testcase classname="backend.tests.test_session_live_flow.TestSessionLiveFlow" name="test_04_create_offer_with_session" time="0.163" /><testcase classname="backend.tests.test_session_live_flow.TestSessionLiveFlow" name="test_05_publish_offer_if_not_published" time="0.112" /><testcase classname="backend.tests.test_session_live_flow.TestSessionLiveFlow" name="test_06_vip_view_marketplace_offers" time="0.156" /><testcase classname="backend.tests.test_session_live_flow.TestSessionLiveFlow" name="test_07_vip_view_offer_details" time="0.126" /><testcase classname="backend.tests.test_session_live_flow.TestSessionLiveFlow" name="test_08_simulate_purchase_and_confirm" time="0.277" /><testcase classname="backend.tests.test_session_live_flow.TestSessionLiveFlow" name="test_09_confirm_purchase_meeting_links_extraction" time="0.000"><skipped type="pytest.skip" message="No purchase_id available for testing">/app/backend/tests/test_session_live_flow.py:334: No purchase_id available for testing</skipped></testcase><testcase classname="backend.tests.test_session_live_flow.TestSessionLiveFlow" name="test_10_cleanup_test_data" time="0.237" /><testcase classname="backend.tests.test_session_live_flow.TestContentItemCreateModel" name="test_content_data_with_meeting_link_accepted" time="0.561" /><testcase classname="backend.tests.test_session_live_flow.TestMarketplaceEndpoints" name="test_marketplace_offers_public" time="0.111" /></testsuite></testsuites>