<?xml version="1.0" encoding="utf-8"?><testsuites name="pytest tests"><testsuite name="pytest" errors="0" failures="0" skipped="0" tests="7" time="1.457" timestamp="2026-02-22T01:50:16.113227+00:00" hostname="agent-env-2fcf8a89-02d3-49cf-8278-46437fc159f7"><testcase classname="backend.tests.test_vip_homepage.TestVIPFeaturesAPI" name="test_vip_features_endpoint_returns_200" time="0.230" /><testcase classname="backend.tests.test_vip_homepage.TestVIPFeaturesAPI" name="test_vip_features_contains_price" time="0.150" /><testcase classname="backend.tests.test_vip_homepage.TestVIPFeaturesAPI" name="test_vip_features_contains_free_features" time="0.117" /><testcase classname="backend.tests.test_vip_homepage.TestVIPFeaturesAPI" name="test_vip_features_contains_vip_features" time="0.114" /><testcase classname="backend.tests.test_vip_homepage.TestVIPFeaturesAPI" name="test_vip_features_structure" time="0.107" /><testcase classname="backend.tests.test_vip_homepage.TestVIPStatus" name="test_vip_status_requires_auth" time="0.147" /><testcase classname="backend.tests.test_vip_homepage.TestVIPStatus" name="test_vip_status_with_auth" time="0.537" /></testsuite></testsuites>