<?xml version="1.0" encoding="utf-8"?><testsuites name="pytest tests"><testsuite name="pytest" errors="0" failures="0" skipped="0" tests="9" time="1.033" timestamp="2026-03-20T03:06:36.396220+00:00" hostname="agent-env-c9dd7163-a7d4-4114-a45a-b4ca75916d90"><testcase classname="tests.test_p0_bugs.TestP0BugFixes" name="test_01_marketplace_offers_loads" time="0.211" /><testcase classname="tests.test_p0_bugs.TestP0BugFixes" name="test_02_no_cryptonai_in_offer_bio" time="0.054" /><testcase classname="tests.test_p0_bugs.TestP0BugFixes" name="test_03_bio_in_english_not_french" time="0.048" /><testcase classname="tests.test_p0_bugs.TestP0BugFixes" name="test_04_offer_detail_bio_english" time="0.093" /><testcase classname="tests.test_p0_bugs.TestP0BugFixes" name="test_05_zero_content_offer_no_zero_display" time="0.049" /><testcase classname="tests.test_p0_bugs.TestP0BugFixes" name="test_06_offers_with_content_show_items" time="0.046" /><testcase classname="tests.test_p0_bugs.TestP0BugFixes" name="test_07_authenticated_user_can_access_marketplace" time="0.331" /><testcase classname="tests.test_p0_bugs.TestP0BugFixes" name="test_08_offer_detail_has_pro_info" time="0.092" /><testcase classname="tests.test_p0_bugs.TestP0BugFixes" name="test_09_search_marketplace_works" time="0.045" /></testsuite></testsuites>