<?xml version="1.0" encoding="utf-8"?><testsuites name="pytest tests"><testsuite name="pytest" errors="0" failures="0" skipped="0" tests="25" time="3.748" timestamp="2026-02-27T20:30:52.431441+00:00" hostname="agent-env-4f449b1a-1c1f-496a-a5a4-e2c9adb83348"><testcase classname="backend.tests.test_pro_dashboard.TestProDashboard" name="test_01_pro_dashboard_requires_auth" time="0.148" /><testcase classname="backend.tests.test_pro_dashboard.TestProDashboard" name="test_02_regular_user_cannot_access_dashboard" time="0.396" /><testcase classname="backend.tests.test_pro_dashboard.TestProDashboard" name="test_03_pro_can_access_dashboard" time="0.350" /><testcase classname="backend.tests.test_pro_dashboard.TestProDashboard" name="test_04_update_profile_bio" time="0.114" /><testcase classname="backend.tests.test_pro_dashboard.TestProDashboard" name="test_05_update_profile_availability" time="0.113" /><testcase classname="backend.tests.test_pro_dashboard.TestProDashboard" name="test_06_update_profile_hourly_rate" time="0.054" /><testcase classname="backend.tests.test_pro_dashboard.TestProDashboard" name="test_07_update_profile_empty_data_rejected" time="0.556" /><testcase classname="backend.tests.test_pro_dashboard.TestProDashboard" name="test_08_create_service_mentoring" time="0.057" /><testcase classname="backend.tests.test_pro_dashboard.TestProDashboard" name="test_09_create_service_course" time="0.058" /><testcase classname="backend.tests.test_pro_dashboard.TestProDashboard" name="test_10_create_service_qa_session" time="0.061" /><testcase classname="backend.tests.test_pro_dashboard.TestProDashboard" name="test_11_create_service_live_stream" time="0.063" /><testcase classname="backend.tests.test_pro_dashboard.TestProDashboard" name="test_12_update_service" time="0.057" /><testcase classname="backend.tests.test_pro_dashboard.TestProDashboard" name="test_13_update_service_not_found" time="0.057" /><testcase classname="backend.tests.test_pro_dashboard.TestProDashboard" name="test_14_delete_service" time="0.140" /><testcase classname="backend.tests.test_pro_dashboard.TestProDashboard" name="test_15_delete_service_not_found" time="0.056" /><testcase classname="backend.tests.test_pro_dashboard.TestProDashboard" name="test_16_withdrawal_minimum_amount" time="0.051" /><testcase classname="backend.tests.test_pro_dashboard.TestProDashboard" name="test_17_withdrawal_insufficient_balance" time="0.059" /><testcase classname="backend.tests.test_pro_dashboard.TestProDashboard" name="test_18_withdrawal_payment_methods" time="0.064" /><testcase classname="backend.tests.test_pro_dashboard.TestProDashboard" name="test_19_regular_user_cannot_update_profile" time="0.060" /><testcase classname="backend.tests.test_pro_dashboard.TestProDashboard" name="test_20_regular_user_cannot_create_service" time="0.059" /><testcase classname="backend.tests.test_pro_dashboard.TestProDashboard" name="test_21_regular_user_cannot_withdraw" time="0.059" /><testcase classname="backend.tests.test_pro_dashboard.TestProDashboard" name="test_22_pro_user_flag_in_auth" time="0.072" /><testcase classname="backend.tests.test_pro_dashboard.TestProDashboard" name="test_23_regular_user_not_professional" time="0.063" /><testcase classname="backend.tests.test_pro_dashboard.TestProDashboard" name="test_99_cleanup_test_services" time="0.418" /><testcase classname="backend.tests.test_pro_dashboard.TestNotificationsOnApplicationReview" name="test_notification_endpoint_exists" time="0.468" /></testsuite></testsuites>