<?xml version="1.0" encoding="utf-8"?><testsuites name="pytest tests"><testsuite name="pytest" errors="0" failures="0" skipped="0" tests="6" time="2.992" timestamp="2026-03-05T06:00:42.093030+00:00" hostname="agent-env-398d4d47-d772-4787-88f4-6bd037ece5be"><testcase classname="backend.tests.test_pro_apply_validation.TestProApplicationAPI" name="test_pro_info_endpoint" time="0.132" /><testcase classname="backend.tests.test_pro_apply_validation.TestProApplicationAPI" name="test_pro_apply_missing_required_fields" time="0.460" /><testcase classname="backend.tests.test_pro_apply_validation.TestProApplicationAPI" name="test_pro_apply_valid_submission" time="0.871" /><testcase classname="backend.tests.test_pro_apply_validation.TestProApplicationAPI" name="test_pro_apply_duplicate_application" time="0.734" /><testcase classname="backend.tests.test_pro_apply_validation.TestProApplicationAPI" name="test_pro_application_status" time="0.642" /><testcase classname="backend.tests.test_pro_apply_validation.TestProApplicationAPI" name="test_pro_apply_unauthenticated" time="0.104" /></testsuite></testsuites>