<?xml version="1.0" encoding="utf-8"?><testsuites name="pytest tests"><testsuite name="pytest" errors="0" failures="0" skipped="0" tests="9" time="5.494" timestamp="2026-03-11T15:39:23.221368+00:00" hostname="agent-env-30b2f8e0-b702-4ede-9b2c-d3fe00277b72"><testcase classname="backend.tests.test_settings_dashboard_features.TestSettingsAPI" name="test_get_settings_returns_defaults" time="0.664" /><testcase classname="backend.tests.test_settings_dashboard_features.TestSettingsAPI" name="test_update_notifications_settings" time="0.977" /><testcase classname="backend.tests.test_settings_dashboard_features.TestSettingsAPI" name="test_update_privacy_settings" time="0.878" /><testcase classname="backend.tests.test_settings_dashboard_features.TestUserDataExport" name="test_export_user_data_structure" time="0.658" /><testcase classname="backend.tests.test_settings_dashboard_features.TestProDashboardRevenue" name="test_pro_dashboard_has_offer_stats" time="0.467" /><testcase classname="backend.tests.test_settings_dashboard_features.TestProDashboardRevenue" name="test_pro_dashboard_profile_and_services" time="0.517" /><testcase classname="backend.tests.test_settings_dashboard_features.TestProEarnings" name="test_pro_earnings_has_breakdown" time="0.507" /><testcase classname="backend.tests.test_settings_dashboard_features.TestAuthEndpoints" name="test_vip_user_login" time="0.385" /><testcase classname="backend.tests.test_settings_dashboard_features.TestAuthEndpoints" name="test_admin_user_login" time="0.359" /></testsuite></testsuites>