<?xml version="1.0" encoding="utf-8"?><testsuites name="pytest tests"><testsuite name="pytest" errors="0" failures="0" skipped="0" tests="22" time="5.788" timestamp="2026-03-19T22:00:25.652282+00:00" hostname="agent-env-4e111f9d-664a-4bfc-9715-62a8e106366c"><testcase classname="backend.tests.test_mentor_audit.TestAuthAndLogin" name="test_pro_login_returns_correct_flags" time="0.478" /><testcase classname="backend.tests.test_mentor_audit.TestProDashboard" name="test_get_dashboard" time="0.431" /><testcase classname="backend.tests.test_mentor_audit.TestProDashboard" name="test_get_dashboard_bookings" time="0.048" /><testcase classname="backend.tests.test_mentor_audit.TestProDashboard" name="test_get_pro_earnings" time="0.051" /><testcase classname="backend.tests.test_mentor_audit.TestProDashboard" name="test_get_advanced_stats" time="0.050" /><testcase classname="backend.tests.test_mentor_audit.TestContentLibrary" name="test_get_content_library" time="0.400" /><testcase classname="backend.tests.test_mentor_audit.TestContentLibrary" name="test_create_content_item" time="0.101" /><testcase classname="backend.tests.test_mentor_audit.TestOffers" name="test_get_offers" time="0.382" /><testcase classname="backend.tests.test_mentor_audit.TestOffers" name="test_create_offer" time="0.103" /><testcase classname="backend.tests.test_mentor_audit.TestAnalytics" name="test_get_revenue_analytics" time="0.417" /><testcase classname="backend.tests.test_mentor_audit.TestAnalytics" name="test_get_performance_analytics" time="0.048" /><testcase classname="backend.tests.test_mentor_audit.TestCourses" name="test_get_pro_courses" time="0.371" /><testcase classname="backend.tests.test_mentor_audit.TestCourses" name="test_get_public_courses" time="0.056" /><testcase classname="backend.tests.test_mentor_audit.TestExport" name="test_export_bookings_csv" time="0.416" /><testcase classname="backend.tests.test_mentor_audit.TestExport" name="test_export_revenue" time="0.064" /><testcase classname="backend.tests.test_mentor_audit.TestMarketplace" name="test_get_marketplace_offers" time="0.376" /><testcase classname="backend.tests.test_mentor_audit.TestMarketplace" name="test_get_my_purchases" time="0.062" /><testcase classname="backend.tests.test_mentor_audit.TestBookings" name="test_get_my_bookings" time="0.405" /><testcase classname="backend.tests.test_mentor_audit.TestProfessionalsList" name="test_get_professionals" time="0.386" /><testcase classname="backend.tests.test_mentor_audit.TestServiceCRUD" name="test_create_service" time="0.479" /><testcase classname="backend.tests.test_mentor_audit.TestDataIntegrity" name="test_dashboard_data_consistency" time="0.448" /><testcase classname="backend.tests.test_mentor_audit.TestDataIntegrity" name="test_offers_and_content_library_consistency" time="0.117" /></testsuite></testsuites>