<?xml version="1.0" encoding="utf-8"?><testsuites name="pytest tests"><testsuite name="pytest" errors="0" failures="0" skipped="0" tests="10" time="3.461" timestamp="2026-03-20T02:15:22.086780+00:00" hostname="agent-env-0eb2d532-4fbb-4fdf-9a41-1fdb33b9d406"><testcase classname="backend.tests.test_crypto_chart.TestCryptoChartAPI" name="test_bitcoin_chart_7_days" time="1.481" /><testcase classname="backend.tests.test_crypto_chart.TestCryptoChartAPI" name="test_bitcoin_chart_24h" time="0.182" /><testcase classname="backend.tests.test_crypto_chart.TestCryptoChartAPI" name="test_bitcoin_chart_30_days" time="0.264" /><testcase classname="backend.tests.test_crypto_chart.TestCryptoChartAPI" name="test_bitcoin_chart_90_days" time="0.255" /><testcase classname="backend.tests.test_crypto_chart.TestCryptoChartAPI" name="test_bitcoin_chart_1_year" time="0.215" /><testcase classname="backend.tests.test_crypto_chart.TestCryptoChartAPI" name="test_ethereum_chart_7_days" time="0.229" /><testcase classname="backend.tests.test_crypto_chart.TestCryptoChartAPI" name="test_invalid_coin_returns_mock_data" time="0.173" /><testcase classname="backend.tests.test_crypto_chart.TestCryptoChartAPI" name="test_chart_data_is_sorted_chronologically" time="0.204" /><testcase classname="backend.tests.test_crypto_chart.TestCryptoChartAPI" name="test_chart_data_has_reasonable_volumes" time="0.189" /><testcase classname="backend.tests.test_crypto_chart.TestCryptoChartAPI" name="test_default_period_is_7_days" time="0.193" /></testsuite></testsuites>