<?xml version="1.0" encoding="utf-8"?><testsuites name="pytest tests"><testsuite name="pytest" errors="0" failures="0" skipped="0" tests="13" time="4.129" timestamp="2026-03-11T21:42:18.431198+00:00" hostname="agent-env-d37ecc6b-8cff-45a5-b093-abdda757216a"><testcase classname="backend.tests.test_login_bug_fix.TestLoginEndpoint" name="test_login_success_with_valid_credentials" time="0.428" /><testcase classname="backend.tests.test_login_bug_fix.TestLoginEndpoint" name="test_login_success_with_user_credentials" time="0.373" /><testcase classname="backend.tests.test_login_bug_fix.TestLoginEndpoint" name="test_login_with_invalid_password" time="0.378" /><testcase classname="backend.tests.test_login_bug_fix.TestLoginEndpoint" name="test_login_with_invalid_email" time="0.117" /><testcase classname="backend.tests.test_login_bug_fix.TestLoginEndpoint" name="test_login_with_captcha_null" time="0.344" /><testcase classname="backend.tests.test_login_bug_fix.TestLoginEndpoint" name="test_login_with_totp_null_for_non_2fa_user" time="0.437" /><testcase classname="backend.tests.test_login_bug_fix.TestLoginEndpoint" name="test_login_without_optional_fields" time="0.389" /><testcase classname="backend.tests.test_login_bug_fix.TestLoginEndpoint" name="test_login_with_both_captcha_and_totp_null" time="0.359" /><testcase classname="backend.tests.test_login_bug_fix.TestRegisterEndpoint" name="test_register_new_user" time="0.330" /><testcase classname="backend.tests.test_login_bug_fix.TestRegisterEndpoint" name="test_register_duplicate_email" time="0.124" /><testcase classname="backend.tests.test_login_bug_fix.TestAuthMeEndpoint" name="test_get_me_with_valid_token" time="0.547" /><testcase classname="backend.tests.test_login_bug_fix.TestAuthMeEndpoint" name="test_get_me_without_token" time="0.115" /><testcase classname="backend.tests.test_login_bug_fix.TestAuthMeEndpoint" name="test_get_me_with_invalid_token" time="0.117" /></testsuite></testsuites>