<?xml version="1.0" encoding="utf-8"?><testsuites name="pytest tests"><testsuite name="pytest" errors="0" failures="0" skipped="0" tests="7" time="17.024" timestamp="2026-06-22T02:14:42.224686+00:00" hostname="agent-env-8e203573-2d9c-4bdf-8351-262143b3f4f9"><testcase classname="backend.tests.test_notifications_e2e" name="test_notifications_history_endpoint" time="0.638" /><testcase classname="backend.tests.test_notifications_e2e" name="test_mark_all_read_endpoint" time="0.252" /><testcase classname="backend.tests.test_notifications_e2e" name="test_like_creates_notification" time="3.502" /><testcase classname="backend.tests.test_notifications_e2e" name="test_comment_creates_notification" time="2.988" /><testcase classname="backend.tests.test_notifications_e2e" name="test_message_creates_notification" time="2.432" /><testcase classname="backend.tests.test_notifications_e2e" name="test_report_creates_admin_notification" time="3.302" /><testcase classname="backend.tests.test_notifications_e2e" name="test_follow_creates_notification" time="3.853" /></testsuite></testsuites>