<?xml version="1.0" encoding="utf-8"?><testsuites name="pytest tests"><testsuite name="pytest" errors="0" failures="0" skipped="0" tests="20" time="11.944" timestamp="2026-02-23T00:10:51.020429+00:00" hostname="agent-env-65df1259-d3fc-4dc3-99ec-5fdd96db15ca"><testcase classname="backend.tests.test_vip_social_ai_features.TestVIPAuthentication" name="test_login_success" time="0.482" /><testcase classname="backend.tests.test_vip_social_ai_features.TestCreateSocialPostWithImage" name="test_create_post_without_image" time="0.618" /><testcase classname="backend.tests.test_vip_social_ai_features.TestCreateSocialPostWithImage" name="test_create_post_with_image" time="0.224" /><testcase classname="backend.tests.test_vip_social_ai_features.TestCreateSocialPostWithImage" name="test_create_post_empty_content" time="0.118" /><testcase classname="backend.tests.test_vip_social_ai_features.TestCreateSocialPostWithImage" name="test_create_post_long_content" time="0.222" /><testcase classname="backend.tests.test_vip_social_ai_features.TestCreateSocialPostWithImage" name="test_create_post_without_auth" time="0.210" /><testcase classname="backend.tests.test_vip_social_ai_features.TestEnhancedSocialFeed" name="test_get_enhanced_feed" time="0.168" /><testcase classname="backend.tests.test_vip_social_ai_features.TestEnhancedSocialFeed" name="test_get_enhanced_feed_with_pagination" time="0.148" /><testcase classname="backend.tests.test_vip_social_ai_features.TestEnhancedSocialFeed" name="test_enhanced_feed_contains_image_data" time="0.145" /><testcase classname="backend.tests.test_vip_social_ai_features.TestEnhancedSocialFeed" name="test_enhanced_feed_without_auth" time="0.162" /><testcase classname="backend.tests.test_vip_social_ai_features.TestAIImageAnalysis" name="test_analyze_image_basic" time="4.976" /><testcase classname="backend.tests.test_vip_social_ai_features.TestAIImageAnalysis" name="test_analyze_image_chart_analysis" time="1.573" /><testcase classname="backend.tests.test_vip_social_ai_features.TestAIImageAnalysis" name="test_analyze_image_without_auth" time="0.177" /><testcase classname="backend.tests.test_vip_social_ai_features.TestAIImageAnalysis" name="test_analyze_image_missing_fields" time="0.152" /><testcase classname="backend.tests.test_vip_social_ai_features.TestPostComments" name="test_get_comments_empty" time="0.278" /><testcase classname="backend.tests.test_vip_social_ai_features.TestPostComments" name="test_add_comment_to_post" time="0.319" /><testcase classname="backend.tests.test_vip_social_ai_features.TestPostComments" name="test_get_comments_after_adding" time="0.501" /><testcase classname="backend.tests.test_vip_social_ai_features.TestPostComments" name="test_comment_on_nonexistent_post" time="0.192" /><testcase classname="backend.tests.test_vip_social_ai_features.TestPostComments" name="test_comments_without_auth" time="0.284" /><testcase classname="backend.tests.test_vip_social_ai_features.TestIntegrationFlow" name="test_full_social_flow" time="0.900" /></testsuite></testsuites>