<?xml version="1.0" encoding="utf-8"?><testsuites name="pytest tests"><testsuite name="pytest" errors="0" failures="0" skipped="0" tests="27" time="7.517" timestamp="2026-02-23T00:23:12.645227+00:00" hostname="agent-env-65df1259-d3fc-4dc3-99ec-5fdd96db15ca"><testcase classname="tests.test_vip_stories_notifications.TestStoriesAndNotificationsSetup" name="test_vip_user_login" time="0.412" /><testcase classname="tests.test_vip_stories_notifications.TestVIPStories" name="test_create_story_with_image_only" time="0.474" /><testcase classname="tests.test_vip_stories_notifications.TestVIPStories" name="test_create_story_with_text_overlay" time="0.142" /><testcase classname="tests.test_vip_stories_notifications.TestVIPStories" name="test_create_story_with_all_fields" time="0.129" /><testcase classname="tests.test_vip_stories_notifications.TestVIPStories" name="test_get_active_stories" time="0.141" /><testcase classname="tests.test_vip_stories_notifications.TestVIPStories" name="test_view_story" time="0.287" /><testcase classname="tests.test_vip_stories_notifications.TestVIPStories" name="test_view_nonexistent_story" time="0.124" /><testcase classname="tests.test_vip_stories_notifications.TestVIPStories" name="test_react_to_story_heart" time="0.254" /><testcase classname="tests.test_vip_stories_notifications.TestVIPStories" name="test_react_to_story_fire" time="0.279" /><testcase classname="tests.test_vip_stories_notifications.TestVIPStories" name="test_react_to_story_rocket" time="0.278" /><testcase classname="tests.test_vip_stories_notifications.TestVIPStories" name="test_react_to_story_diamond" time="0.252" /><testcase classname="tests.test_vip_stories_notifications.TestVIPStories" name="test_react_to_story_clap" time="0.250" /><testcase classname="tests.test_vip_stories_notifications.TestVIPStories" name="test_react_invalid_emoji" time="0.307" /><testcase classname="tests.test_vip_stories_notifications.TestVIPStories" name="test_delete_own_story" time="0.334" /><testcase classname="tests.test_vip_stories_notifications.TestVIPStories" name="test_delete_nonexistent_story" time="0.165" /><testcase classname="tests.test_vip_stories_notifications.TestVIPStories" name="test_stories_require_auth" time="0.124" /><testcase classname="tests.test_vip_stories_notifications.TestVIPStories" name="test_stories_require_vip" time="0.357" /><testcase classname="tests.test_vip_stories_notifications.TestPushNotifications" name="test_register_push_token" time="0.535" /><testcase classname="tests.test_vip_stories_notifications.TestPushNotifications" name="test_register_push_token_android" time="0.128" /><testcase classname="tests.test_vip_stories_notifications.TestPushNotifications" name="test_register_invalid_token_format" time="0.164" /><testcase classname="tests.test_vip_stories_notifications.TestPushNotifications" name="test_get_notification_history" time="0.161" /><testcase classname="tests.test_vip_stories_notifications.TestPushNotifications" name="test_get_notification_history_with_limit" time="0.166" /><testcase classname="tests.test_vip_stories_notifications.TestPushNotifications" name="test_mark_all_notifications_read" time="0.114" /><testcase classname="tests.test_vip_stories_notifications.TestPushNotifications" name="test_mark_specific_notifications_read" time="0.137" /><testcase classname="tests.test_vip_stories_notifications.TestPushNotifications" name="test_notifications_require_auth" time="0.182" /><testcase classname="tests.test_vip_stories_notifications.TestPushNotifications" name="test_unregister_push_token" time="0.230" /><testcase classname="tests.test_vip_stories_notifications.TestStoriesIntegration" name="test_full_story_workflow" time="1.326" /></testsuite></testsuites>