<?xml version="1.0" encoding="utf-8"?><testsuites name="pytest tests"><testsuite name="pytest" errors="0" failures="0" skipped="0" tests="9" time="2.059" timestamp="2026-03-20T01:50:49.690108+00:00" hostname="agent-env-0eb2d532-4fbb-4fdf-9a41-1fdb33b9d406"><testcase classname="tests.test_trending_topics.TestTrendingTopics" name="test_trending_topics_endpoint" time="0.579" /><testcase classname="tests.test_trending_topics.TestTrendingTopics" name="test_trending_topics_has_expected_symbols" time="0.099" /><testcase classname="tests.test_trending_topics.TestTrendingTopics" name="test_social_feed_without_topic" time="0.116" /><testcase classname="tests.test_trending_topics.TestTrendingTopics" name="test_social_feed_with_topic_btc" time="0.124" /><testcase classname="tests.test_trending_topics.TestTrendingTopics" name="test_social_feed_with_topic_eth" time="0.114" /><testcase classname="tests.test_trending_topics.TestTrendingTopics" name="test_social_feed_case_insensitive_topic" time="0.264" /><testcase classname="tests.test_trending_topics.TestTrendingTopics" name="test_trending_unauthenticated_rejected" time="0.120" /><testcase classname="tests.test_trending_topics.TestTrendingTopics" name="test_feed_unauthenticated_rejected" time="0.124" /><testcase classname="tests.test_trending_topics.TestFeedResponseStructure" name="test_post_structure" time="0.449" /></testsuite></testsuites>