<?xml version="1.0" encoding="utf-8"?><testsuites name="pytest tests"><testsuite name="pytest" errors="0" failures="0" skipped="0" tests="16" time="2.949" timestamp="2026-03-19T20:14:41.644578+00:00" hostname="agent-env-f7c083c4-eb82-4834-833f-058f97792ca6"><testcase classname="backend.tests.test_affiliate_influencer.TestInfluencerCRUD" name="test_create_influencer_requires_auth" time="0.176" /><testcase classname="backend.tests.test_affiliate_influencer.TestInfluencerCRUD" name="test_create_influencer_success" time="0.505" /><testcase classname="backend.tests.test_affiliate_influencer.TestInfluencerCRUD" name="test_create_influencer_default_commission" time="0.138" /><testcase classname="backend.tests.test_affiliate_influencer.TestInfluencerCRUD" name="test_list_influencers" time="0.105" /><testcase classname="backend.tests.test_affiliate_influencer.TestInfluencerCRUD" name="test_update_influencer_commission_rate" time="0.238" /><testcase classname="backend.tests.test_affiliate_influencer.TestInfluencerCRUD" name="test_update_influencer_status" time="0.304" /><testcase classname="backend.tests.test_affiliate_influencer.TestAffiliateClickTracking" name="test_track_click_valid_code" time="0.290" /><testcase classname="backend.tests.test_affiliate_influencer.TestAffiliateClickTracking" name="test_track_click_invalid_code" time="0.120" /><testcase classname="backend.tests.test_affiliate_influencer.TestAffiliateClickTracking" name="test_track_click_empty_code" time="0.092" /><testcase classname="backend.tests.test_affiliate_influencer.TestInfluencerSelfStats" name="test_get_stats_non_influencer" time="0.147" /><testcase classname="backend.tests.test_affiliate_influencer.TestAdminConversions" name="test_list_conversions_requires_auth" time="0.115" /><testcase classname="backend.tests.test_affiliate_influencer.TestAdminConversions" name="test_list_conversions_admin" time="0.131" /><testcase classname="backend.tests.test_affiliate_influencer.TestExistingInfluencer" name="test_cryptoking_exists" time="0.103" /><testcase classname="backend.tests.test_affiliate_influencer.TestStripeConnectEndpoints" name="test_stripe_status_requires_influencer" time="0.134" /><testcase classname="backend.tests.test_affiliate_influencer.TestStripeConnectEndpoints" name="test_stripe_connect_requires_influencer" time="0.101" /><testcase classname="backend.tests.test_affiliate_influencer.TestPayoutEndpoint" name="test_payout_requires_stripe_account" time="0.156" /></testsuite></testsuites>