<?xml version="1.0" encoding="utf-8"?><testsuites name="pytest tests"><testsuite name="pytest" errors="0" failures="0" skipped="0" tests="11" time="11.776" timestamp="2026-03-20T03:19:38.716338+00:00" hostname="agent-env-c9dd7163-a7d4-4114-a45a-b4ca75916d90"><testcase classname="backend.tests.test_new_offer_notifications.TestNewOfferNotifications" name="test_vip_mentor_is_professional_and_vip" time="0.556" /><testcase classname="backend.tests.test_new_offer_notifications.TestNewOfferNotifications" name="test_apple_reviewer_is_vip" time="0.436" /><testcase classname="backend.tests.test_new_offer_notifications.TestNewOfferNotifications" name="test_toggle_offer_publish_endpoint" time="0.318" /><testcase classname="backend.tests.test_new_offer_notifications.TestNewOfferNotifications" name="test_toggle_requires_professional_status" time="0.126" /><testcase classname="backend.tests.test_new_offer_notifications.TestNewOfferNotifications" name="test_publishing_creates_notifications_for_vip_users" time="3.455" /><testcase classname="backend.tests.test_new_offer_notifications.TestNewOfferNotifications" name="test_notification_has_correct_structure" time="0.145" /><testcase classname="backend.tests.test_new_offer_notifications.TestNewOfferNotifications" name="test_mentor_does_not_receive_own_notification" time="0.163" /><testcase classname="backend.tests.test_new_offer_notifications.TestNewOfferNotifications" name="test_unpublishing_does_not_send_notifications" time="2.474" /><testcase classname="backend.tests.test_new_offer_notifications.TestNewOfferNotifications" name="test_notifications_history_endpoint" time="0.105" /><testcase classname="backend.tests.test_new_offer_notifications.TestNewOfferNotifications" name="test_notifications_requires_auth" time="0.108" /><testcase classname="backend.tests.test_new_offer_notifications.TestOfferPublishFlow" name="test_full_publish_flow" time="3.818" /></testsuite></testsuites>