<?xml version="1.0" encoding="utf-8"?><testsuites name="pytest tests"><testsuite name="pytest" errors="0" failures="0" skipped="0" tests="10" time="1.766" timestamp="2026-03-20T00:58:51.443093+00:00" hostname="agent-env-0eb2d532-4fbb-4fdf-9a41-1fdb33b9d406"><testcase classname="backend.tests.test_vip_academy_translations.TestVIPAcademyBackend" name="test_academy_returns_9_courses_french" time="0.641" /><testcase classname="backend.tests.test_vip_academy_translations.TestVIPAcademyBackend" name="test_academy_returns_9_courses_english" time="0.112" /><testcase classname="backend.tests.test_vip_academy_translations.TestVIPAcademyBackend" name="test_academy_returns_9_courses_spanish" time="0.106" /><testcase classname="backend.tests.test_vip_academy_translations.TestVIPAcademyBackend" name="test_academy_course_has_quiz_content" time="0.122" /><testcase classname="backend.tests.test_vip_academy_translations.TestVIPAcademyBackend" name="test_academy_course_modules_have_content" time="0.108" /><testcase classname="backend.tests.test_vip_academy_translations.TestVIPAcademyBackend" name="test_academy_default_language_is_french" time="0.118" /><testcase classname="backend.tests.test_vip_academy_translations.TestVIPAcademyBackend" name="test_academy_requires_vip" time="0.109" /><testcase classname="backend.tests.test_vip_academy_translations.TestVIPAcademyBackend" name="test_all_nine_courses_present" time="0.150" /><testcase classname="backend.tests.test_vip_academy_translations.TestVIPHubTabs" name="test_vip_features_endpoint" time="0.103" /><testcase classname="backend.tests.test_vip_academy_translations.TestVIPHubTabs" name="test_vip_status_endpoint" time="0.115" /></testsuite></testsuites>