<?xml version="1.0" encoding="utf-8"?><testsuites name="pytest tests"><testsuite name="pytest" errors="0" failures="0" skipped="0" tests="12" time="6.624" timestamp="2026-03-11T15:51:58.814161+00:00" hostname="agent-env-30b2f8e0-b702-4ede-9b2c-d3fe00277b72"><testcase classname="tests.test_iteration48_features.TestAuthentication" name="test_admin_login_success" time="0.519" /><testcase classname="tests.test_iteration48_features.TestAuthentication" name="test_vip_user_login_success" time="0.384" /><testcase classname="tests.test_iteration48_features.TestProDashboardRevenue" name="test_pro_dashboard_returns_offer_fields" time="0.796" /><testcase classname="tests.test_iteration48_features.TestProDashboardRevenue" name="test_pro_earnings_returns_breakdown" time="0.451" /><testcase classname="tests.test_iteration48_features.TestProDashboardRevenue" name="test_pro_advanced_stats_returns_offer_revenue" time="0.517" /><testcase classname="tests.test_iteration48_features.TestSettingsFunctionality" name="test_get_settings_returns_structure" time="0.469" /><testcase classname="tests.test_iteration48_features.TestSettingsFunctionality" name="test_update_notification_settings" time="0.713" /><testcase classname="tests.test_iteration48_features.TestSettingsFunctionality" name="test_update_privacy_settings" time="0.770" /><testcase classname="tests.test_iteration48_features.TestSettingsFunctionality" name="test_export_user_data" time="0.510" /><testcase classname="tests.test_iteration48_features.TestNotificationInfrastructure" name="test_get_notification_history" time="0.475" /><testcase classname="tests.test_iteration48_features.TestNotificationInfrastructure" name="test_notification_history_with_vip_user" time="0.459" /><testcase classname="tests.test_iteration48_features.TestProEndpointsAccessControl" name="test_pro_dashboard_requires_professional" time="0.476" /></testsuite></testsuites>