<?xml version="1.0" encoding="utf-8"?><testsuites name="pytest tests"><testsuite name="pytest" errors="0" failures="0" skipped="0" tests="12" time="5.268" timestamp="2026-02-21T13:51:36.458667+00:00" hostname="agent-env-5c1200f3-20b1-4c58-8251-1f4c6986edf1"><testcase classname="backend.tests.test_news_admin_features.TestNewsWithImpactReason" name="test_news_has_impact_reason" time="0.465" /><testcase classname="backend.tests.test_news_admin_features.TestNewsWithImpactReason" name="test_news_has_link_field" time="0.287" /><testcase classname="backend.tests.test_news_admin_features.TestNewsWithImpactReason" name="test_news_has_tags" time="0.337" /><testcase classname="backend.tests.test_news_admin_features.TestAdminStatsWithTrends" name="test_admin_stats_has_overview" time="0.496" /><testcase classname="backend.tests.test_news_admin_features.TestAdminStatsWithTrends" name="test_admin_stats_has_daily_registrations" time="0.461" /><testcase classname="backend.tests.test_news_admin_features.TestAdminStatsWithTrends" name="test_admin_stats_has_daily_activity" time="0.452" /><testcase classname="backend.tests.test_news_admin_features.TestAdminStatsWithTrends" name="test_admin_stats_has_role_distribution" time="0.462" /><testcase classname="backend.tests.test_news_admin_features.TestAdminStatsWithTrends" name="test_admin_stats_has_category_distribution" time="0.443" /><testcase classname="backend.tests.test_news_admin_features.TestAdminStatsTab" name="test_user_is_super_admin" time="0.429" /><testcase classname="backend.tests.test_news_admin_features.TestAdminStatsTab" name="test_admin_users_endpoint" time="0.448" /><testcase classname="backend.tests.test_news_admin_features.TestAdminStatsTab" name="test_admin_posts_endpoint" time="0.446" /><testcase classname="backend.tests.test_news_admin_features.TestAdminStatsTab" name="test_admin_logs_endpoint" time="0.465" /></testsuite></testsuites>