<?xml version="1.0" encoding="utf-8"?><testsuites name="pytest tests"><testsuite name="pytest" errors="0" failures="0" skipped="0" tests="22" time="8.458" timestamp="2026-02-27T21:17:55.429306+00:00" hostname="agent-env-4f449b1a-1c1f-496a-a5a4-e2c9adb83348"><testcase classname="backend.tests.test_phase5_features.TestAdminVIPProEndpoints" name="test_01_set_vip_requires_auth" time="0.246" /><testcase classname="backend.tests.test_phase5_features.TestAdminVIPProEndpoints" name="test_02_set_vip_requires_super_admin" time="0.456" /><testcase classname="backend.tests.test_phase5_features.TestAdminVIPProEndpoints" name="test_03_set_vip_nonexistent_user" time="0.483" /><testcase classname="backend.tests.test_phase5_features.TestAdminVIPProEndpoints" name="test_04_set_vip_endpoint_exists" time="0.394" /><testcase classname="backend.tests.test_phase5_features.TestAdminVIPProEndpoints" name="test_05_set_pro_requires_auth" time="0.152" /><testcase classname="backend.tests.test_phase5_features.TestAdminVIPProEndpoints" name="test_06_set_pro_endpoint_exists" time="0.439" /><testcase classname="backend.tests.test_phase5_features.TestAdminVIPProEndpoints" name="test_07_set_pro_badge_levels" time="0.609" /><testcase classname="backend.tests.test_phase5_features.TestPaymentEndpoints" name="test_08_create_booking_payment_requires_auth" time="0.114" /><testcase classname="backend.tests.test_phase5_features.TestPaymentEndpoints" name="test_09_create_booking_payment_validates_booking" time="0.407" /><testcase classname="backend.tests.test_phase5_features.TestPaymentEndpoints" name="test_10_create_booking_payment_request_body" time="0.502" /><testcase classname="backend.tests.test_phase5_features.TestPaymentEndpoints" name="test_11_get_payment_status_requires_auth" time="0.116" /><testcase classname="backend.tests.test_phase5_features.TestPaymentEndpoints" name="test_12_get_payment_status_validates_session" time="0.481" /><testcase classname="backend.tests.test_phase5_features.TestPaymentEndpoints" name="test_13_stripe_webhook_endpoint_exists" time="0.122" /><testcase classname="backend.tests.test_phase5_features.TestExistingUserBookings" name="test_14_get_my_bookings_endpoint" time="0.447" /><testcase classname="backend.tests.test_phase5_features.TestExistingUserBookings" name="test_15_booking_response_structure" time="0.438" /><testcase classname="backend.tests.test_phase5_features.TestAdminPanelIntegration" name="test_16_admin_get_users_includes_vip_pro_status" time="0.421" /><testcase classname="backend.tests.test_phase5_features.TestAdminPanelIntegration" name="test_17_admin_user_detail_includes_vip_pro" time="0.508" /><testcase classname="backend.tests.test_phase5_features.TestAPIContractValidation" name="test_18_frontend_api_setUserVIP_contract" time="0.396" /><testcase classname="backend.tests.test_phase5_features.TestAPIContractValidation" name="test_19_frontend_api_setUserPro_contract" time="0.388" /><testcase classname="backend.tests.test_phase5_features.TestAPIContractValidation" name="test_20_frontend_api_createBookingPayment_contract" time="0.407" /><testcase classname="backend.tests.test_phase5_features.TestAPIContractValidation" name="test_21_frontend_api_getPaymentStatus_contract" time="0.413" /><testcase classname="backend.tests.test_phase5_features.TestAPIContractValidation" name="test_22_auth_me_includes_pro_info" time="0.442" /></testsuite></testsuites>