<?xml version="1.0" encoding="utf-8"?><testsuites name="pytest tests"><testsuite name="pytest" errors="0" failures="0" skipped="0" tests="16" time="6.208" timestamp="2026-03-08T21:16:04.376732+00:00" hostname="agent-env-8524a92d-8f95-49ab-86d6-abc45670b8ee"><testcase classname="backend.tests.test_pro_courses.TestAuthAndCourses" name="test_01_login_admin" time="0.432" /><testcase classname="backend.tests.test_pro_courses.TestAuthAndCourses" name="test_02_get_courses_unauthorized" time="0.116" /><testcase classname="backend.tests.test_pro_courses.TestAuthAndCourses" name="test_03_get_courses_authorized" time="0.380" /><testcase classname="backend.tests.test_pro_courses.TestAuthAndCourses" name="test_04_create_course" time="0.395" /><testcase classname="backend.tests.test_pro_courses.TestAuthAndCourses" name="test_05_get_course_detail" time="0.408" /><testcase classname="backend.tests.test_pro_courses.TestAuthAndCourses" name="test_06_create_module" time="0.395" /><testcase classname="backend.tests.test_pro_courses.TestAuthAndCourses" name="test_07_create_lesson" time="0.426" /><testcase classname="backend.tests.test_pro_courses.TestAuthAndCourses" name="test_08_create_quiz" time="0.424" /><testcase classname="backend.tests.test_pro_courses.TestAuthAndCourses" name="test_09_update_course" time="0.380" /><testcase classname="backend.tests.test_pro_courses.TestAuthAndCourses" name="test_10_delete_quiz" time="0.399" /><testcase classname="backend.tests.test_pro_courses.TestAuthAndCourses" name="test_11_delete_lesson" time="0.383" /><testcase classname="backend.tests.test_pro_courses.TestAuthAndCourses" name="test_12_delete_module" time="0.402" /><testcase classname="backend.tests.test_pro_courses.TestAuthAndCourses" name="test_13_delete_course_cleanup" time="0.387" /><testcase classname="backend.tests.test_pro_courses.TestVideoSessions" name="test_01_get_video_sessions" time="0.404" /><testcase classname="backend.tests.test_pro_courses.TestVideoSessions" name="test_02_create_video_session" time="0.416" /><testcase classname="backend.tests.test_pro_courses.TestDocuments" name="test_01_get_documents" time="0.382" /></testsuite></testsuites>