<?xml version="1.0" encoding="utf-8"?><testsuites name="pytest tests"><testsuite name="pytest" errors="0" failures="0" skipped="0" tests="10" time="21.916" timestamp="2026-09-11T14:11:32.173003+00:00" hostname="agent-env-8e203573-2d9c-4bdf-8351-262143b3f4f9"><testcase classname="backend.tests.test_vip_system_complete.TestVipPermissions" name="test_vip_permissions_for_vip_user" time="0.755" /><testcase classname="backend.tests.test_vip_system_complete.TestVipPermissions" name="test_vip_permissions_for_free_user" time="0.594" /><testcase classname="backend.tests.test_vip_system_complete.TestVipCheckout" name="test_checkout_creates_session_for_free_user" time="1.796" /><testcase classname="backend.tests.test_vip_system_complete.TestVipCheckout" name="test_checkout_rejects_existing_vip" time="0.163" /><testcase classname="backend.tests.test_vip_system_complete.TestAdminEndpoints" name="test_admin_vip_stats" time="0.136" /><testcase classname="backend.tests.test_vip_system_complete.TestAdminEndpoints" name="test_admin_vip_stats_requires_admin" time="0.203" /><testcase classname="backend.tests.test_vip_system_complete.TestAdminEndpoints" name="test_admin_atlas_usage" time="0.173" /><testcase classname="backend.tests.test_vip_system_complete.TestAdminEndpoints" name="test_admin_protection_config" time="0.185" /><testcase classname="backend.tests.test_vip_system_complete.TestAtlasChat" name="test_atlas_chat_logs_usage" time="2.147" /><testcase classname="backend.tests.test_vip_system_complete.TestAtlasChat" name="test_atlas_chat_rate_limit" time="15.691" /></testsuite></testsuites>