<?xml version="1.0" encoding="utf-8"?><testsuites name="pytest tests"><testsuite name="pytest" errors="0" failures="0" skipped="0" tests="6" time="2.140" timestamp="2026-06-21T20:53:10.566057+00:00" hostname="agent-env-8e203573-2d9c-4bdf-8351-262143b3f4f9"><testcase classname="backend.tests.test_vip_checkout_stripe.TestSpotsRemaining" name="test_spots_remaining_returns_wave_info" time="0.266" /><testcase classname="backend.tests.test_vip_checkout_stripe.TestVipCheckout" name="test_checkout_for_non_vip_returns_checkout_url" time="0.907" /><testcase classname="backend.tests.test_vip_checkout_stripe.TestVipCheckout" name="test_checkout_status_returns_pending_for_new_session" time="0.276" /><testcase classname="backend.tests.test_vip_checkout_stripe.TestVipCheckoutAlreadyVip" name="test_checkout_rejects_already_vip_user" time="0.435" /><testcase classname="backend.tests.test_vip_checkout_stripe.TestVipCheckoutAuthRequired" name="test_checkout_without_token_unauthorized" time="0.100" /><testcase classname="backend.tests.test_vip_checkout_stripe.TestVipCheckoutAuthRequired" name="test_checkout_status_invalid_session" time="0.099" /></testsuite></testsuites>